Mdi:ArrangeIcons
Mdi:ArrangeIcons
wm geometry . 900x765+4+85
Mdi:ArrangeIcons
wm geometry . 900x765+6+84
Mdi:ArrangeIcons
wm geometry . 900x765+7+84
Mdi:ArrangeIcons
wm geometry . 900x765+9+84
Mdi:ArrangeIcons
wm geometry . 900x765+11+84
Mdi:ArrangeIcons
wm geometry . 900x765+13+84
Mdi:ArrangeIcons
wm geometry . 900x765+16+82
Mdi:ArrangeIcons
wm geometry . 900x765+18+82
Mdi:ArrangeIcons
wm geometry . 900x765+21+82
Mdi:ArrangeIcons
wm geometry . 900x765+26+82
Mdi:ArrangeIcons
wm geometry . 900x765+30+81
Mdi:ArrangeIcons
wm geometry . 900x765+36+80
Mdi:ArrangeIcons
wm geometry . 900x765+44+80
Mdi:ArrangeIcons
wm geometry . 900x765+51+78
Mdi:ArrangeIcons
wm geometry . 900x765+61+78
Mdi:ArrangeIcons
wm geometry . 900x765+72+77
Mdi:ArrangeIcons
wm geometry . 900x765+83+77
Mdi:ArrangeIcons
wm geometry . 900x765+94+77
Mdi:ArrangeIcons
wm geometry . 900x765+106+77
Mdi:ArrangeIcons
wm geometry . 900x765+118+77
Mdi:ArrangeIcons
wm geometry . 900x765+130+77
Mdi:ArrangeIcons
wm geometry . 900x765+142+77
Mdi:ArrangeIcons
wm geometry . 900x765+156+77
Mdi:ArrangeIcons
wm geometry . 900x765+173+77
Mdi:ArrangeIcons
wm geometry . 900x765+192+77
Mdi:ArrangeIcons
wm geometry . 900x765+211+78
Mdi:ArrangeIcons
wm geometry . 900x765+229+81
Mdi:ArrangeIcons
wm geometry . 900x765+255+84
Mdi:ArrangeIcons
wm geometry . 900x765+292+86
Mdi:ArrangeIcons
wm geometry . 900x765+326+87
Mdi:ArrangeIcons
wm geometry . 900x765+368+87
Mdi:ArrangeIcons
wm geometry . 900x765+404+87
Mdi:ArrangeIcons
wm geometry . 900x765+443+87
Mdi:ArrangeIcons
wm geometry . 900x765+476+87
Mdi:ArrangeIcons
wm geometry . 900x765+509+87
Mdi:ArrangeIcons
wm geometry . 900x765+543+87
Mdi:ArrangeIcons
wm geometry . 900x765+571+87
Mdi:ArrangeIcons
wm geometry . 900x765+596+87
Mdi:ArrangeIcons
wm geometry . 900x765+618+87
Mdi:ArrangeIcons
wm geometry . 900x765+643+87
Mdi:ArrangeIcons
wm geometry . 900x765+666+87
Mdi:ArrangeIcons
wm geometry . 900x765+688+87
Mdi:ArrangeIcons
wm geometry . 900x765+705+87
Mdi:ArrangeIcons
wm geometry . 900x765+715+87
Mdi:ArrangeIcons
wm geometry . 900x765+724+87
Mdi:ArrangeIcons
wm geometry . 900x765+728+87
Mdi:ArrangeIcons
wm geometry . 900x765+733+87
Mdi:ArrangeIcons
wm geometry . 900x765+735+87
Mdi:ArrangeIcons
wm geometry . 900x765+736+87
Mdi:ArrangeIcons
wm geometry . 900x765+737+86
Mdi:ArrangeIcons
wm geometry . 900x765+739+86
Mdi:ArrangeIcons
wm geometry . 900x765+740+86
Mdi:ArrangeIcons
wm geometry . 900x765+742+86
Mdi:ArrangeIcons
wm geometry . 900x765+744+86
Mdi:ArrangeIcons
wm geometry . 900x765+746+86
Mdi:ArrangeIcons
wm geometry . 900x765+746+87
Mdi:ArrangeIcons
wm geometry . 900x765+747+87
Mdi:ArrangeIcons
wm geometry . 900x765+748+88
Mdi:ArrangeIcons
wm geometry . 900x765+748+89
Mdi:ArrangeIcons
wm geometry . 900x765+749+90
Mdi:ArrangeIcons
wm geometry . 900x765+750+91
Mdi:ArrangeIcons
wm geometry . 900x765+750+92
Mdi:ArrangeIcons
wm geometry . 900x765+751+93
Mdi:ArrangeIcons
wm geometry . 900x765+752+94
Mdi:ArrangeIcons
wm geometry . 900x765+752+95
Mdi:ArrangeIcons
wm geometry . 900x765+753+96
Mdi:ArrangeIcons
wm geometry . 900x765+754+98
Mdi:ArrangeIcons
wm geometry . 900x765+755+99
Mdi:ArrangeIcons
wm geometry . 900x765+757+101
Mdi:ArrangeIcons
wm geometry . 900x765+757+102
Mdi:ArrangeIcons
wm geometry . 900x765+760+105
Mdi:ArrangeIcons
wm geometry . 900x765+761+106
Mdi:ArrangeIcons
wm geometry . 900x765+763+107
Mdi:ArrangeIcons
wm geometry . 900x765+764+108
Mdi:ArrangeIcons
wm geometry . 900x765+766+110
Mdi:ArrangeIcons
wm geometry . 900x765+767+111
Mdi:ArrangeIcons
wm geometry . 900x765+770+111
Mdi:ArrangeIcons
wm geometry . 900x765+771+113
Mdi:ArrangeIcons
wm geometry . 900x765+773+114
Mdi:ArrangeIcons
wm geometry . 900x765+775+114
Mdi:ArrangeIcons
wm geometry . 900x765+779+116
Mdi:ArrangeIcons
wm geometry . 900x765+782+117
Mdi:ArrangeIcons
wm geometry . 900x765+786+118
Mdi:ArrangeIcons
wm geometry . 900x765+790+120
Mdi:ArrangeIcons
wm geometry . 900x765+794+122
Mdi:ArrangeIcons
wm geometry . 900x765+796+123
Mdi:ArrangeIcons
wm geometry . 900x765+798+123
Mdi:ArrangeIcons
wm geometry . 900x765+799+124
Mdi:ArrangeIcons
wm geometry . 900x765+801+125
Mdi:ArrangeIcons
wm geometry . 900x765+802+126
Mdi:ArrangeIcons
Mdi:ArrangeIcons
ScopeSigMgr:loadpffile {{C:/Users/Bangonkali/Desktop/EE 272/NAND-2/nand2.tr0}} 1 openonly
# PF:1
wm geometry .sigmgr._PF:1 200x331+951+537
wm geometry .sigmgr._PF:1 200x331+940+536
wm geometry .sigmgr._PF:1 200x331+927+536
wm geometry .sigmgr._PF:1 200x331+910+532
wm geometry .sigmgr._PF:1 200x331+886+529
wm geometry .sigmgr._PF:1 200x331+860+526
wm geometry .sigmgr._PF:1 200x331+833+521
wm geometry .sigmgr._PF:1 200x331+792+515
wm geometry .sigmgr._PF:1 200x331+761+512
wm geometry .sigmgr._PF:1 200x331+731+507
wm geometry .sigmgr._PF:1 200x331+705+504
wm geometry .sigmgr._PF:1 200x331+683+500
wm geometry .sigmgr._PF:1 200x331+660+498
wm geometry .sigmgr._PF:1 200x331+638+494
wm geometry .sigmgr._PF:1 200x331+624+493
wm geometry .sigmgr._PF:1 200x331+608+490
wm geometry .sigmgr._PF:1 200x331+596+488
wm geometry .sigmgr._PF:1 200x331+586+486
wm geometry .sigmgr._PF:1 200x331+579+486
wm geometry .sigmgr._PF:1 200x331+575+485
wm geometry .sigmgr._PF:1 200x331+572+485
wm geometry .sigmgr._PF:1 200x331+573+485
wm geometry .sigmgr._PF:1 200x331+574+485
wm geometry .sigmgr._PF:1 200x331+575+485
wm geometry .sigmgr._PF:1 200x331+576+485
wm geometry .sigmgr._PF:1 200x331+577+485
pf:read PF:1 v(a)
# WF:1:1
Graph addsignal WF:1:1 -region new -yview real(y) -xview real(x) -tracehi 2
# Signal0
pf:read PF:1 v(b)
# WF:1:2
Graph addsignal WF:1:2 -region new -yview real(y) -xview real(x) -tracehi 2
# Signal1
Graph:Select Graph0
Graph:DSel
Graph itemselect Signal0 add
# Signal0
Graph sigconfig Signal0 -region 1 -rgnindex 1
Graph itemselect Signal0 add
# Signal0
Graph itemselect Signal0 add
# Signal0
Graph sigconfig {Signal0 Signal1} -regswap {0 1}
Graph:DSel
pf:read PF:1 v(out)
# WF:1:3
Graph addsignal WF:1:3 -region new -yview real(y) -xview real(x) -tracehi 2
# Signal2
Mdi:FullSize
wm geometry .sigmgr 367x200+1389+230
wm geometry .sigmgr 367x200+1390+230
wm geometry .sigmgr 367x200+1390+232
wm geometry .sigmgr 367x200+1391+235
wm geometry .sigmgr 367x200+1391+238
wm geometry .sigmgr 367x200+1392+241
wm geometry .sigmgr 367x200+1395+247
wm geometry .sigmgr 367x200+1396+253
wm geometry .sigmgr 367x200+1397+260
wm geometry .sigmgr 367x200+1399+266
wm geometry .sigmgr 367x200+1401+273
wm geometry .sigmgr 367x200+1401+281
wm geometry .sigmgr 367x200+1402+291
wm geometry .sigmgr 367x200+1402+299
wm geometry .sigmgr 367x200+1402+310
wm geometry .sigmgr 367x200+1402+319
wm geometry .sigmgr 367x200+1402+331
wm geometry .sigmgr 367x200+1402+342
wm geometry .sigmgr 367x200+1402+353
wm geometry .sigmgr 367x200+1402+364
wm geometry .sigmgr 367x200+1402+374
wm geometry .sigmgr 367x200+1402+381
wm geometry .sigmgr 367x200+1402+389
wm geometry .sigmgr 367x200+1402+397
wm geometry .sigmgr 367x200+1402+405
wm geometry .sigmgr 367x200+1402+415
wm geometry .sigmgr 367x200+1402+424
wm geometry .sigmgr 367x200+1402+435
wm geometry .sigmgr 367x200+1399+448
wm geometry .sigmgr 367x200+1394+460
wm geometry .sigmgr 367x200+1392+470
wm geometry .sigmgr 367x200+1389+480
wm geometry .sigmgr 367x200+1387+491
wm geometry .sigmgr 367x200+1385+498
wm geometry .sigmgr 367x200+1383+505
wm geometry .sigmgr 367x200+1381+513
wm geometry .sigmgr 367x200+1380+522
wm geometry .sigmgr 367x200+1377+533
wm geometry .sigmgr 367x200+1375+546
wm geometry .sigmgr 367x200+1370+557
wm geometry .sigmgr 367x200+1369+570
wm geometry .sigmgr 367x200+1367+582
wm geometry .sigmgr 367x200+1366+596
wm geometry .sigmgr 367x200+1366+606
wm geometry .sigmgr 367x200+1366+619
wm geometry .sigmgr 367x200+1366+631
wm geometry .sigmgr 367x200+1366+645
wm geometry .sigmgr 367x200+1371+656
wm geometry .sigmgr 367x200+1380+671
wm geometry .sigmgr 367x200+1385+684
wm geometry .sigmgr 367x200+1388+695
wm geometry .sigmgr 367x200+1393+706
wm geometry .sigmgr 367x200+1395+713
wm geometry .sigmgr 367x200+1396+719
wm geometry .sigmgr 367x200+1398+725
wm geometry .sigmgr 367x200+1400+731
wm geometry .sigmgr 367x200+1400+732
wm geometry .sigmgr 367x200+1401+734
wm geometry .sigmgr 367x200+1402+735
wm geometry .sigmgr 367x200+1403+736
wm geometry .sigmgr 367x200+1404+736
wm geometry .sigmgr 367x200+1405+736
wm geometry .sigmgr 367x200+1406+735
wm geometry .sigmgr 367x200+1407+734
wm geometry .sigmgr 367x200+1407+733
wm geometry .sigmgr 367x200+1408+733
wm geometry .sigmgr 367x200+1409+731
wm geometry .sigmgr 367x200+1410+730
wm geometry .sigmgr 367x200+1411+728
wm geometry .sigmgr 367x200+1412+727
wm geometry .sigmgr 367x200+1412+726
wm geometry .sigmgr 367x200+1413+726
wm geometry .sigmgr 367x200+1413+725
wm geometry .sigmgr 367x200+1414+725
wm geometry .sigmgr 367x200+1415+723
wm geometry .sigmgr 367x200+1416+723
wm geometry .sigmgr 367x200+1416+722
wm geometry .sigmgr 367x200+1416+721
wm geometry .sigmgr 367x200+1417+720
wm geometry .sigmgr 367x200+1418+718
wm geometry .sigmgr 367x200+1419+717
wm geometry .sigmgr 367x200+1419+716
wm geometry .sigmgr 367x200+1419+715
wm geometry .sigmgr 367x200+1419+714
wm geometry .sigmgr 367x200+1419+713
wm geometry .sigmgr 367x200+1419+712
wm geometry .sigmgr 367x200+1419+710
wm geometry .sigmgr 367x200+1419+709
wm geometry .sigmgr 367x200+1419+706
wm geometry .sigmgr 367x200+1419+705
wm geometry .sigmgr 367x200+1419+702
wm geometry .sigmgr 367x200+1419+699
wm geometry .sigmgr 367x200+1419+697
wm geometry .sigmgr 367x200+1418+695
wm geometry .sigmgr 367x200+1417+693
wm geometry .sigmgr 367x200+1417+691
wm geometry .sigmgr 367x200+1415+690
wm geometry .sigmgr 367x200+1414+690
wm geometry .sigmgr 367x200+1413+689
wm geometry .sigmgr 367x200+1413+688
wm geometry .sigmgr 367x200+1413+687
wm geometry .sigmgr 367x200+1413+685
wm geometry .sigmgr 367x200+1412+684
wm geometry .sigmgr 367x200+1412+682
wm geometry .sigmgr 367x200+1412+679
wm geometry .sigmgr 367x200+1412+677
wm geometry .sigmgr 367x200+1412+675
wm geometry .sigmgr 367x200+1412+674
wm geometry .sigmgr 367x200+1412+673
wm geometry .sigmgr 367x200+1412+671
wm geometry .sigmgr 367x200+1412+670
wm geometry .sigmgr 367x200+1412+667
wm geometry .sigmgr 367x200+1412+666
wm geometry .sigmgr 367x200+1412+663
wm geometry .sigmgr 367x200+1412+660
wm geometry .sigmgr 367x200+1412+656
wm geometry .sigmgr 367x200+1412+650
wm geometry .sigmgr 367x200+1413+639
wm geometry .sigmgr 367x200+1414+627
wm geometry .sigmgr 367x200+1414+615
wm geometry .sigmgr 367x200+1414+601
wm geometry .sigmgr 367x200+1414+589
wm geometry .sigmgr 367x200+1414+566
wm geometry .sigmgr 367x200+1414+538
wm geometry .sigmgr 367x200+1414+521
wm geometry .sigmgr 367x200+1414+511
wm geometry .sigmgr 367x200+1414+505
wm geometry .sigmgr 367x200+1414+501
wm geometry .sigmgr 367x200+1414+497
wm geometry .sigmgr 367x200+1414+494
wm geometry .sigmgr 367x200+1414+490
wm geometry .sigmgr 367x200+1414+489
wm geometry .sigmgr 367x200+1414+487
wm geometry .sigmgr 367x200+1414+486
wm geometry .sigmgr 367x200+1414+485
wm geometry .sigmgr 367x200+1414+484
wm geometry .sigmgr 367x200+1414+483
wm geometry .sigmgr 367x200+1414+482
wm geometry .sigmgr 367x200+1414+481
wm geometry .sigmgr 367x200+1414+480
wm geometry .sigmgr 367x200+1414+479
wm geometry .sigmgr 367x200+1414+478
wm geometry .sigmgr 367x200+1414+477
wm geometry .sigmgr 367x200+1414+476
wm geometry .sigmgr 367x200+1414+475
wm geometry .sigmgr 367x200+1414+474
wm geometry .sigmgr 367x200+1414+473
wm geometry .sigmgr 367x200+1414+472
wm geometry .sigmgr 367x200+1414+470
wm geometry .sigmgr 367x200+1414+467
wm geometry .sigmgr 367x200+1414+464
wm geometry .sigmgr 367x200+1414+460
wm geometry .sigmgr 367x200+1414+458
wm geometry .sigmgr 367x200+1414+454
wm geometry .sigmgr 367x200+1414+452
wm geometry .sigmgr 367x200+1414+451
wm geometry .sigmgr 367x200+1414+446
wm geometry .sigmgr 367x200+1414+443
wm geometry .sigmgr 367x200+1414+441
wm geometry .sigmgr 367x200+1414+440
wm geometry .sigmgr 367x200+1414+439
wm geometry .sigmgr 367x200+1415+439
wm geometry .sigmgr 367x200+1416+439
wm geometry .sigmgr 367x200+1417+439
wm geometry .sigmgr 367x200+1419+439
wm geometry .sigmgr 367x200+1424+439
wm geometry .sigmgr 367x200+1427+440
wm geometry .sigmgr 367x200+1431+441
wm geometry .sigmgr 367x200+1436+441
wm geometry .sigmgr 367x200+1440+441
wm geometry .sigmgr 367x200+1444+442
wm geometry .sigmgr 367x200+1449+443
wm geometry .sigmgr 367x200+1452+443
wm geometry .sigmgr 367x200+1455+445
wm geometry .sigmgr 367x200+1458+446
wm geometry .sigmgr 367x200+1464+447
wm geometry .sigmgr 367x200+1469+449
wm geometry .sigmgr 367x200+1471+450
wm geometry .sigmgr 367x200+1475+451
wm geometry .sigmgr 367x200+1477+451
wm geometry .sigmgr 367x200+1479+451
wm geometry .sigmgr 367x200+1482+452
wm geometry .sigmgr 367x200+1482+453
wm geometry .sigmgr 367x200+1485+453
wm geometry .sigmgr 367x200+1487+454
wm geometry .sigmgr 367x200+1489+454
wm geometry .sigmgr 367x200+1490+454
wm geometry .sigmgr 367x200+1491+454
wm geometry .sigmgr 367x200+1492+454
wm geometry .sigmgr 367x200+1493+455
wm geometry .sigmgr 367x200+1494+455
wm geometry .sigmgr 367x200+1496+456
wm geometry .sigmgr 367x200+1498+456
wm geometry .sigmgr 367x200+1499+457
wm geometry .sigmgr 367x200+1500+457
wm geometry .sigmgr 367x200+1501+457
wm geometry .sigmgr 367x200+1502+458
wm geometry .sigmgr 367x200+1502+460
wm geometry .sigmgr 367x200+1504+463
wm geometry .sigmgr 367x200+1504+467
wm geometry .sigmgr 367x200+1506+473
wm geometry .sigmgr 367x200+1507+479
wm geometry .sigmgr 367x200+1509+488
wm geometry .sigmgr 367x200+1511+495
wm geometry .sigmgr 367x200+1512+502
wm geometry .sigmgr 367x200+1514+508
wm geometry .sigmgr 367x200+1515+515
wm geometry .sigmgr 367x200+1516+523
wm geometry .sigmgr 367x200+1517+530
wm geometry .sigmgr 367x200+1518+540
wm geometry .sigmgr 367x200+1521+552
wm geometry .sigmgr 367x200+1522+563
wm geometry .sigmgr 367x200+1523+573
wm geometry .sigmgr 367x200+1524+581
wm geometry .sigmgr 367x200+1524+588
wm geometry .sigmgr 367x200+1526+593
wm geometry .sigmgr 367x200+1526+596
wm geometry .sigmgr 367x200+1527+597
wm geometry .sigmgr 367x200+1527+598
wm geometry .sigmgr 367x200+1527+597
wm geometry .sigmgr 367x200+1527+596
wm geometry .sigmgr 367x200+1527+594
wm geometry .sigmgr 367x200+1528+594
Mdi:ArrangeIcons
Mdi:ArrangeIcons
Graph:DSel
Graph:Select Graph0
Mdi:ArrangeIcons
Graph:DSel
Mdi:ArrangeIcons
Graph:DSel
Mdi:ArrangeIcons
Graph:DSel
Graph addsignal WF:2:1 -region 0 -yview real(y) -xview real(x) -rainbow 0 -rbcolors {} -fill green -linestyle - -width 1 -symbol {} -symwidth 10 -bar {} -barwidth 0 -baseline 0.0 -stipple {} -label v(a) -xaxis 0 -yaxis 0 -tracehi 2 -bus {} -segdisp y -monotonicdisp 0
# Signal3
Graph addsignal WF:2:2 -region 1 -yview real(y) -xview real(x) -rainbow 0 -rbcolors {} -fill magenta -linestyle - -width 1 -symbol {} -symwidth 10 -bar {} -barwidth 0 -baseline 0.0 -stipple {} -label v(b) -xaxis 0 -yaxis 0 -tracehi 2 -bus {} -segdisp y -monotonicdisp 0
# Signal4
Graph addsignal WF:2:3 -region 2 -yview real(y) -xview real(x) -rainbow 0 -rbcolors {} -fill cyan -linestyle - -width 1 -symbol {} -symwidth 10 -bar {} -barwidth 0 -baseline 0.0 -stipple {} -label v(out) -xaxis 0 -yaxis 0 -tracehi 2 -bus {} -segdisp y -monotonicdisp 0
# Signal5
Graph itemselect all rem
Graph itemselect Signal0 add
# Signal0
Graph itemselect Signal1 add
# Signal1
Graph itemselect Signal2 add
# Signal2
Graph delsignal selected
Mdi:ArrangeIcons
Graph:DSel
Graph:Select Graph0
Graph:DSel
Graph addsignal WF:3:1 -region 0 -yview real(y) -xview real(x) -rainbow 0 -rbcolors {} -fill green -linestyle - -width 1 -symbol {} -symwidth 10 -bar {} -barwidth 0 -baseline 0.0 -stipple {} -label v(a) -xaxis 0 -yaxis 0 -tracehi 2 -bus {} -segdisp y -monotonicdisp 0
# Signal6
Graph addsignal WF:3:2 -region 1 -yview real(y) -xview real(x) -rainbow 0 -rbcolors {} -fill magenta -linestyle - -width 1 -symbol {} -symwidth 10 -bar {} -barwidth 0 -baseline 0.0 -stipple {} -label v(b) -xaxis 0 -yaxis 0 -tracehi 2 -bus {} -segdisp y -monotonicdisp 0
# Signal7
Graph addsignal WF:3:3 -region 2 -yview real(y) -xview real(x) -rainbow 0 -rbcolors {} -fill cyan -linestyle - -width 1 -symbol {} -symwidth 10 -bar {} -barwidth 0 -baseline 0.0 -stipple {} -label v(out) -xaxis 0 -yaxis 0 -tracehi 2 -bus {} -segdisp y -monotonicdisp 0
# Signal8
Graph itemselect all rem
Graph itemselect Signal3 add
# Signal3
Graph itemselect Signal4 add
# Signal4
Graph itemselect Signal5 add
# Signal5
Graph delsignal selected
Graph:DSel
Graph:Select Graph0
Mdi:ArrangeIcons
Graph:DSel
Graph addsignal WF:4:1 -region 0 -yview real(y) -xview real(x) -rainbow 0 -rbcolors {} -fill green -linestyle - -width 1 -symbol {} -symwidth 10 -bar {} -barwidth 0 -baseline 0.0 -stipple {} -label v(a) -xaxis 0 -yaxis 0 -tracehi 2 -bus {} -segdisp y -monotonicdisp 0
# Signal9
Graph addsignal WF:4:2 -region 1 -yview real(y) -xview real(x) -rainbow 0 -rbcolors {} -fill magenta -linestyle - -width 1 -symbol {} -symwidth 10 -bar {} -barwidth 0 -baseline 0.0 -stipple {} -label v(b) -xaxis 0 -yaxis 0 -tracehi 2 -bus {} -segdisp y -monotonicdisp 0
# Signal10
Graph addsignal WF:4:3 -region 2 -yview real(y) -xview real(x) -rainbow 0 -rbcolors {} -fill cyan -linestyle - -width 1 -symbol {} -symwidth 10 -bar {} -barwidth 0 -baseline 0.0 -stipple {} -label v(out) -xaxis 0 -yaxis 0 -tracehi 2 -bus {} -segdisp y -monotonicdisp 0
# Signal11
Graph itemselect all rem
Graph itemselect Signal6 add
# Signal6
Graph itemselect Signal7 add
# Signal7
Graph itemselect Signal8 add
# Signal8
Graph delsignal selected
Graph:DSel
Graph:Select Graph0
Graph axisconfig {AxisY(2,0) AxisX(0)} -range {{0.023982270222892 -0.83310078754882} {769p 1.8004n}}
Graph:DSel
Graph axisconfig {AxisX(0) AxisY(0,0) AxisY(1,0) AxisY(2,0)} -range {all all all all} -zoomed {0 0 0 0}
Mdi:ArrangeIcons
wm geometry .sigmgr 367x200+1528+598
wm geometry .sigmgr 367x200+1528+599
wm geometry .sigmgr 367x200+1528+600
wm geometry .sigmgr 367x200+1528+601
wm geometry .sigmgr 367x200+1527+603
wm geometry .sigmgr 367x200+1527+605
wm geometry .sigmgr 367x200+1525+608
wm geometry .sigmgr 367x200+1525+611
wm geometry .sigmgr 367x200+1525+614
wm geometry .sigmgr 367x200+1524+618
wm geometry .sigmgr 367x200+1524+621
wm geometry .sigmgr 367x200+1523+626
wm geometry .sigmgr 367x200+1523+632
wm geometry .sigmgr 367x200+1521+641
wm geometry .sigmgr 367x200+1520+648
wm geometry .sigmgr 367x200+1519+657
wm geometry .sigmgr 367x200+1517+668
wm geometry .sigmgr 367x200+1515+678
wm geometry .sigmgr 367x200+1514+688
wm geometry .sigmgr 367x200+1513+699
wm geometry .sigmgr 367x200+1512+707
wm geometry .sigmgr 367x200+1510+717
wm geometry .sigmgr 367x200+1510+725
wm geometry .sigmgr 367x200+1509+732
wm geometry .sigmgr 367x200+1508+738
wm geometry .sigmgr 367x200+1507+742
wm geometry .sigmgr 367x200+1505+749
wm geometry .sigmgr 367x200+1504+752
wm geometry .sigmgr 367x200+1503+756
wm geometry .sigmgr 367x200+1503+758
wm geometry .sigmgr 367x200+1501+761
wm geometry .sigmgr 367x200+1500+764
wm geometry .sigmgr 367x200+1499+766
wm geometry .sigmgr 367x200+1497+767
wm geometry .sigmgr 367x200+1496+771
wm geometry .sigmgr 367x200+1494+772
wm geometry .sigmgr 367x200+1492+775
wm geometry .sigmgr 367x200+1491+777
wm geometry .sigmgr 367x200+1490+778
wm geometry .sigmgr 367x200+1488+780
wm geometry .sigmgr 367x200+1486+782
wm geometry .sigmgr 367x200+1485+783
wm geometry .sigmgr 367x200+1485+784
wm geometry .sigmgr 367x200+1484+785
wm geometry .sigmgr 367x200+1483+786
wm geometry .sigmgr 367x200+1482+787
wm geometry .sigmgr 367x200+1480+788
wm geometry .sigmgr 367x200+1480+789
wm geometry .sigmgr 367x200+1479+789
wm geometry .sigmgr 367x200+1478+789
wm geometry .sigmgr 367x200+1477+789
wm geometry .sigmgr 367x200+1476+791
wm geometry .sigmgr 367x200+1475+791
wm geometry .sigmgr 367x200+1473+792
wm geometry .sigmgr 367x200+1472+793
wm geometry .sigmgr 367x200+1471+793
wm geometry .sigmgr 367x200+1471+794
wm geometry .sigmgr 367x200+1470+794
wm geometry .sigmgr 367x200+1471+793
wm geometry .sigmgr 367x200+1471+792
wm geometry .sigmgr 367x200+1473+790
wm geometry .sigmgr 367x200+1473+789
wm geometry .sigmgr 367x200+1473+788
wm geometry .sigmgr 367x200+1474+788
wm geometry .sigmgr 367x200+1474+785
wm geometry .sigmgr 367x200+1477+781
wm geometry .sigmgr 367x200+1478+780
wm geometry .sigmgr 367x200+1479+779
wm geometry .sigmgr 367x200+1481+777
wm geometry .sigmgr 367x200+1482+774
wm geometry .sigmgr 367x200+1484+772
wm geometry .sigmgr 367x200+1485+769
wm geometry .sigmgr 367x200+1484+769
wm geometry .sigmgr 367x200+1483+769
wm geometry .sigmgr 367x200+1481+769
wm geometry .sigmgr 367x200+1479+770
wm geometry .sigmgr 367x200+1478+770
wm geometry .sigmgr 367x200+1478+771
wm geometry .sigmgr 367x200+1478+772
wm geometry .sigmgr 367x200+1478+773
wm geometry .sigmgr 367x200+1478+774
wm geometry .sigmgr 367x200+1478+775
wm geometry .sigmgr 367x200+1479+776
wm geometry .sigmgr 367x200+1479+777
wm geometry .sigmgr 367x200+1480+779
wm geometry .sigmgr 367x200+1481+780
wm geometry .sigmgr 367x200+1481+781
wm geometry .sigmgr 367x200+1482+782
wm geometry .sigmgr 367x200+1482+783
wm geometry .sigmgr 367x200+1482+784
wm geometry .sigmgr 367x200+1482+785
wm geometry .sigmgr 367x200+1482+786
wm geometry .sigmgr 367x200+1482+787
wm geometry .sigmgr 367x200+1481+788
wm geometry .sigmgr 367x200+1481+789
wm geometry .sigmgr 367x200+1481+790
wm geometry .sigmgr 367x200+1480+791
wm geometry .sigmgr 367x200+1480+793
wm geometry .sigmgr 367x200+1480+794
wm geometry .sigmgr 367x200+1479+795
wm geometry .sigmgr 367x200+1479+796
wm geometry .sigmgr 367x200+1478+797
wm geometry .sigmgr 367x200+1478+799
wm geometry .sigmgr 367x200+1478+798
wm geometry .sigmgr 367x200+1478+797
Mdi:Move -8 19
Mdi:Iconify
Graph:Select Graph0
Graph:Select Graph0
Mdi:Deiconify
Mdi:ArrangeIcons
Graph:DSel
Mdi:ArrangeIcons
Graph:DSel
Graph:DSel
Graph addsignal WF:5:1 -region 0 -yview real(y) -xview real(x) -rainbow 0 -rbcolors {} -fill green -linestyle - -width 1 -symbol {} -symwidth 10 -bar {} -barwidth 0 -baseline 0.0 -stipple {} -label v(a) -xaxis 0 -yaxis 0 -tracehi 2 -bus {} -segdisp y -monotonicdisp 0
# Signal12
Graph addsignal WF:5:2 -region 1 -yview real(y) -xview real(x) -rainbow 0 -rbcolors {} -fill magenta -linestyle - -width 1 -symbol {} -symwidth 10 -bar {} -barwidth 0 -baseline 0.0 -stipple {} -label v(b) -xaxis 0 -yaxis 0 -tracehi 2 -bus {} -segdisp y -monotonicdisp 0
# Signal13
Graph addsignal WF:5:3 -region 2 -yview real(y) -xview real(x) -rainbow 0 -rbcolors {} -fill cyan -linestyle - -width 1 -symbol {} -symwidth 10 -bar {} -barwidth 0 -baseline 0.0 -stipple {} -label v(out) -xaxis 0 -yaxis 0 -tracehi 2 -bus {} -segdisp y -monotonicdisp 0
# Signal14
Graph itemselect all rem
Graph itemselect Signal9 add
# Signal9
Graph itemselect Signal10 add
# Signal10
Graph itemselect Signal11 add
# Signal11
Graph delsignal selected
Mdi:ArrangeIcons
Graph addsignal WF:6:1 -region 0 -yview real(y) -xview real(x) -rainbow 0 -rbcolors {} -fill green -linestyle - -width 1 -symbol {} -symwidth 10 -bar {} -barwidth 0 -baseline 0.0 -stipple {} -label v(a) -xaxis 0 -yaxis 0 -tracehi 2 -bus {} -segdisp y -monotonicdisp 0
# Signal15
Graph addsignal WF:6:2 -region 1 -yview real(y) -xview real(x) -rainbow 0 -rbcolors {} -fill magenta -linestyle - -width 1 -symbol {} -symwidth 10 -bar {} -barwidth 0 -baseline 0.0 -stipple {} -label v(b) -xaxis 0 -yaxis 0 -tracehi 2 -bus {} -segdisp y -monotonicdisp 0
# Signal16
Graph addsignal WF:6:3 -region 2 -yview real(y) -xview real(x) -rainbow 0 -rbcolors {} -fill cyan -linestyle - -width 1 -symbol {} -symwidth 10 -bar {} -barwidth 0 -baseline 0.0 -stipple {} -label v(out) -xaxis 0 -yaxis 0 -tracehi 2 -bus {} -segdisp y -monotonicdisp 0
# Signal17
Graph itemselect all rem
Graph itemselect Signal12 add
# Signal12
Graph itemselect Signal13 add
# Signal13
Graph itemselect Signal14 add
# Signal14
Graph delsignal selected
Graph:DSel
Graph:Select Graph0
Graph:DSel
Mdi:ArrangeIcons
Graph:DSel
Graph addsignal WF:7:1 -region 0 -yview real(y) -xview real(x) -rainbow 0 -rbcolors {} -fill green -linestyle - -width 1 -symbol {} -symwidth 10 -bar {} -barwidth 0 -baseline 0.0 -stipple {} -label v(a) -xaxis 0 -yaxis 0 -tracehi 2 -bus {} -segdisp y -monotonicdisp 0
# Signal18
Graph addsignal WF:7:2 -region 1 -yview real(y) -xview real(x) -rainbow 0 -rbcolors {} -fill magenta -linestyle - -width 1 -symbol {} -symwidth 10 -bar {} -barwidth 0 -baseline 0.0 -stipple {} -label v(b) -xaxis 0 -yaxis 0 -tracehi 2 -bus {} -segdisp y -monotonicdisp 0
# Signal19
Graph addsignal WF:7:3 -region 2 -yview real(y) -xview real(x) -rainbow 0 -rbcolors {} -fill cyan -linestyle - -width 1 -symbol {} -symwidth 10 -bar {} -barwidth 0 -baseline 0.0 -stipple {} -label v(out) -xaxis 0 -yaxis 0 -tracehi 2 -bus {} -segdisp y -monotonicdisp 0
# Signal20
Graph itemselect all rem
Graph itemselect Signal15 add
# Signal15
Graph itemselect Signal16 add
# Signal16
Graph itemselect Signal17 add
# Signal17
Graph delsignal selected
Mdi:ArrangeIcons
Graph addsignal WF:8:1 -region 0 -yview real(y) -xview real(x) -rainbow 0 -rbcolors {} -fill green -linestyle - -width 1 -symbol {} -symwidth 10 -bar {} -barwidth 0 -baseline 0.0 -stipple {} -label v(a) -xaxis 0 -yaxis 0 -tracehi 2 -bus {} -segdisp y -monotonicdisp 0
# Signal21
Graph addsignal WF:8:2 -region 1 -yview real(y) -xview real(x) -rainbow 0 -rbcolors {} -fill magenta -linestyle - -width 1 -symbol {} -symwidth 10 -bar {} -barwidth 0 -baseline 0.0 -stipple {} -label v(b) -xaxis 0 -yaxis 0 -tracehi 2 -bus {} -segdisp y -monotonicdisp 0
# Signal22
Graph addsignal WF:8:3 -region 2 -yview real(y) -xview real(x) -rainbow 0 -rbcolors {} -fill cyan -linestyle - -width 1 -symbol {} -symwidth 10 -bar {} -barwidth 0 -baseline 0.0 -stipple {} -label v(out) -xaxis 0 -yaxis 0 -tracehi 2 -bus {} -segdisp y -monotonicdisp 0
# Signal23
Graph itemselect all rem
Graph itemselect Signal18 add
# Signal18
Graph itemselect Signal19 add
# Signal19
Graph itemselect Signal20 add
# Signal20
Graph delsignal selected
Mdi:ArrangeIcons
Graph:DSel
Graph:Select Graph0
Mdi:ArrangeIcons
Graph:DSel
Graph:DSel
Graph addsignal WF:9:1 -region 0 -yview real(y) -xview real(x) -rainbow 0 -rbcolors {} -fill green -linestyle - -width 1 -symbol {} -symwidth 10 -bar {} -barwidth 0 -baseline 0.0 -stipple {} -label v(a) -xaxis 0 -yaxis 0 -tracehi 2 -bus {} -segdisp y -monotonicdisp 0
# Signal24
Graph addsignal WF:9:2 -region 1 -yview real(y) -xview real(x) -rainbow 0 -rbcolors {} -fill magenta -linestyle - -width 1 -symbol {} -symwidth 10 -bar {} -barwidth 0 -baseline 0.0 -stipple {} -label v(b) -xaxis 0 -yaxis 0 -tracehi 2 -bus {} -segdisp y -monotonicdisp 0
# Signal25
Graph addsignal WF:9:3 -region 2 -yview real(y) -xview real(x) -rainbow 0 -rbcolors {} -fill cyan -linestyle - -width 1 -symbol {} -symwidth 10 -bar {} -barwidth 0 -baseline 0.0 -stipple {} -label v(out) -xaxis 0 -yaxis 0 -tracehi 2 -bus {} -segdisp y -monotonicdisp 0
# Signal26
Graph itemselect all rem
Graph itemselect Signal21 add
# Signal21
Graph itemselect Signal22 add
# Signal22
Graph itemselect Signal23 add
# Signal23
Graph delsignal selected
Mdi:ArrangeIcons
Graph:DSel
Graph:Select Graph0
Mdi:ArrangeIcons
Graph:DSel
Graph addsignal WF:10:1 -region 0 -yview real(y) -xview real(x) -rainbow 0 -rbcolors {} -fill green -linestyle - -width 1 -symbol {} -symwidth 10 -bar {} -barwidth 0 -baseline 0.0 -stipple {} -label v(a) -xaxis 0 -yaxis 0 -tracehi 2 -bus {} -segdisp y -monotonicdisp 0
# Signal27
Graph addsignal WF:10:2 -region 1 -yview real(y) -xview real(x) -rainbow 0 -rbcolors {} -fill magenta -linestyle - -width 1 -symbol {} -symwidth 10 -bar {} -barwidth 0 -baseline 0.0 -stipple {} -label v(b) -xaxis 0 -yaxis 0 -tracehi 2 -bus {} -segdisp y -monotonicdisp 0
# Signal28
Graph addsignal WF:10:3 -region 2 -yview real(y) -xview real(x) -rainbow 0 -rbcolors {} -fill cyan -linestyle - -width 1 -symbol {} -symwidth 10 -bar {} -barwidth 0 -baseline 0.0 -stipple {} -label v(out) -xaxis 0 -yaxis 0 -tracehi 2 -bus {} -segdisp y -monotonicdisp 0
# Signal29
Graph itemselect all rem
Graph itemselect Signal24 add
# Signal24
Graph itemselect Signal25 add
# Signal25
Graph itemselect Signal26 add
# Signal26
Graph delsignal selected
Graph:Select Graph0
Graph:DSel
Graph itemselect Signal27 add
# Signal27
Graph sigconfig Signal27 -region 1 -rgnindex 1
Graph:DSel
Mdi:ArrangeIcons
Graph:DSel
Mdi:ArrangeIcons
Mdi:ArrangeIcons
Mdi:ArrangeIcons
Mdi:ArrangeIcons
Mdi:ArrangeIcons
Mdi:ArrangeIcons
Graph:DSel
Graph addsignal WF:11:1 -region 0 -yview real(y) -xview real(x) -rainbow 0 -rbcolors {} -fill green -linestyle - -width 1 -symbol {} -symwidth 10 -bar {} -barwidth 0 -baseline 0.0 -stipple {} -label v(a) -xaxis 0 -yaxis 0 -tracehi 2 -bus {} -segdisp y -monotonicdisp 0
# Signal30
Graph addsignal WF:11:2 -region 0 -yview real(y) -xview real(x) -rainbow 0 -rbcolors {} -fill magenta -linestyle - -width 1 -symbol {} -symwidth 10 -bar {} -barwidth 0 -baseline 0.0 -stipple {} -label v(b) -xaxis 0 -yaxis 0 -tracehi 2 -bus {} -segdisp y -monotonicdisp 0
# Signal31
Graph addsignal WF:11:3 -region 1 -yview real(y) -xview real(x) -rainbow 0 -rbcolors {} -fill cyan -linestyle - -width 1 -symbol {} -symwidth 10 -bar {} -barwidth 0 -baseline 0.0 -stipple {} -label v(out) -xaxis 0 -yaxis 0 -tracehi 2 -bus {} -segdisp y -monotonicdisp 0
# Signal32
Graph itemselect all rem
Graph itemselect Signal27 add
# Signal27
Graph itemselect Signal28 add
# Signal28
Graph itemselect Signal29 add
# Signal29
Graph delsignal selected
Mdi:ArrangeIcons
Mdi:ArrangeIcons
Graph addsignal WF:12:1 -region 0 -yview real(y) -xview real(x) -rainbow 0 -rbcolors {} -fill green -linestyle - -width 1 -symbol {} -symwidth 10 -bar {} -barwidth 0 -baseline 0.0 -stipple {} -label v(a) -xaxis 0 -yaxis 0 -tracehi 2 -bus {} -segdisp y -monotonicdisp 0
# Signal33
Graph addsignal WF:12:2 -region 0 -yview real(y) -xview real(x) -rainbow 0 -rbcolors {} -fill magenta -linestyle - -width 1 -symbol {} -symwidth 10 -bar {} -barwidth 0 -baseline 0.0 -stipple {} -label v(b) -xaxis 0 -yaxis 0 -tracehi 2 -bus {} -segdisp y -monotonicdisp 0
# Signal34
Graph addsignal WF:12:3 -region 1 -yview real(y) -xview real(x) -rainbow 0 -rbcolors {} -fill cyan -linestyle - -width 1 -symbol {} -symwidth 10 -bar {} -barwidth 0 -baseline 0.0 -stipple {} -label v(out) -xaxis 0 -yaxis 0 -tracehi 2 -bus {} -segdisp y -monotonicdisp 0
# Signal35
Graph itemselect all rem
Graph itemselect Signal30 add
# Signal30
Graph itemselect Signal31 add
# Signal31
Graph itemselect Signal32 add
# Signal32
Graph delsignal selected
Graph:DSel
Graph:Select Graph0
Mdi:ArrangeIcons
Graph:DSel
Graph:DSel
Graph itemselect Signal35 add
# Signal35
Graph sigconfig Signal35 -region 0 -rgnindex 2
Graph itemselect Signal35 add
# Signal35
Graph sigconfig Signal35 -region 0 -rgnindex 3
Graph itemselect Signal35 add
# Signal35
Graph itemselect Signal35 add
# Signal35
Graph itemselect Signal35 add
# Signal35
Mdi:ArrangeIcons
Graph itemselect Signal35 add
# Signal35
Mdi:ArrangeIcons
Mdi:ArrangeIcons
Graph itemselect Signal35 add
# Signal35
Graph itemselect Signal35 add
# Signal35
Graph sigconfig Signal35 -region new
Graph:DSel
Graph:DSel
Graph:DSel
Graph:DSel
Graph:DSel
Graph itemselect Signal34 add
# Signal34
Graph itemselect Signal34 add
# Signal34
Graph sigconfig Signal34 -region 1 -rgnindex 1
Graph itemselect Signal34 add
# Signal34
Graph sigconfig Signal34 -region new
Graph:DSel
Graph:DSel
Graph itemselect Signal35 add
# Signal35
Graph itemselect Signal35 add
# Signal35
Graph itemselect Signal35 add
# Signal35
Graph:DSel
Graph itemselect AxisY(1,0) add
# AxisY(1,0)
Graph:DSel
Graph:DSel
Graph:DSel
Graph itemselect Signal35 add
# Signal35
Graph itemselect Signal35 add
# Signal35
Graph sigconfig Signal35 -region d
Graph:DSel
Graph axisconfig AxisX(0) -range {256.888p 527.449p}
Graph axisconfig {AxisX(0) AxisY(0,0) AxisY(1,0)} -range {all all all} -zoomed {0 0 0}
Graph:DSel
Graph:DSel
Graph:DSel
Graph itemselect Signal33 add
# Signal33
Graph sigconfig Signal33 -region d
Graph:DSel
Graph itemselect Signal34 add
# Signal34
Graph sigconfig Signal34 -region d
Graph:DSel
Graph:DSel
Graph:DSel
Graph:DSel
GrXY:NewDMark Graph0 0 5.96327n 5.96327n
Graph:DSel
Graph axisconfig AxisX(0) -range all -zoomed 0
Graph:DSel
GrXY:PositionDMark Graph0 0 0 4.19232n 4.19232n
Mdi:ArrangeIcons
Mdi:ArrangeIcons
wm geometry . 1920x1008+802+126
Mdi:ArrangeIcons
wm geometry . 900x765+802+126
Graph:DSel
GrXY:PositionDMark Graph0 0 0 3.47902n 3.47902n
Mdi:NormalSize
Mdi:FullSize
Graph:DSel
GrXY:NewDMark Graph0 0 1.26534n 1.26534n
Graph:DSel
GrXY:PositionDMark Graph0 0 1 1.48671n 1.48671n
Graph:DSel
GrXY:PositionDMark Graph0 0 1 1.48671n 1.48671n
Graph:DSel
GrXY:PositionDMark Graph0 0 0 3.45443n 3.45443n
GrXY:NewDMark Graph0 0 5.17618n 5.17618n
GrXY:NewDMark Graph0 0 7.07011n 7.07011n
GrXY:NewDMark Graph0 0 9.08702n 9.08702n
GrXY:NewDMark Graph0 0 11.2515n 11.2515n
GrXY:NewDMark Graph0 0 13.3422n 13.3422n
Graph:DSel
Graph itemselect Signal34 add
# Signal34
Mdi:ArrangeIcons
Mdi:ArrangeIcons
Graph:DSel
Graph itemselect AxisX(0) add
# AxisX(0)
Graph:DSel
GrXY:PositionDMark Graph0 0 0 3.45443n 3.45443n
Graph:DSel
GrXY:PositionDMark Graph0 0 0 3.45443n 3.45443n
GrXY:DeleteDMark 0
Graph:DSel
GrXY:PositionDMark Graph0 0 2 5.17618n 5.17618n
Graph delsignal selected
Graph:DSel
GrXY:PositionDMark Graph0 0 3 6.47979n 6.47979n
Graph delsignal selected
set GrXY(DMark,Graph0,snap) snap
Graph:DSel
GrXY:PositionDMark Graph0 0 2 4.11853n 4.11853n
GrXY:ValDMark 1
Mdi:ArrangeIcons
Mdi:ArrangeIcons
Graph:DSel
GrXY:PositionDMark Graph0 0 2 4.11853n 4.11853n
GrXY:RefDMark 2
Graph:DSel
GrXY:PositionDMark Graph0 0 2 3.84797n 3.84797n
GrXY:DeleteDMark 1
GrXY:DeleteDMark 2
Graph:DSel
GrXY:DeleteDMark 3
GrXY:DeleteDMark 4
GrXY:DeleteDMark 5
GrXY:DeleteDMark 6
Graph:DSel
Graph axisconfig AxisX(0) -range all -zoomed 0
Graph:DSel
Graph axisconfig AxisX(0) -range {3.6512n 5.27457n}
Graph axisconfig AxisX(0) -range all -zoomed 0
GrXY:NewDMark Graph0 0 1.01938n 1.01938n
Graph:DSel
Graph itemselect AxisX(0) add
# AxisX(0)
Graph axisconfig AxisX(0) -gridvis y
Graph axisconfig AxisX(0) -linticks 5n -subticks 0 -rang {0.0 16n} -gridvis y -label t(s) -scale lin -unitscale auto
Graph axisconfig AxisX(0) -linticks 1n -subticks 0 -rang {0.0 20n} -gridvis y -label t(s) -scale lin -unitscale auto
Mdi:ArrangeIcons
Graph axisconfig AxisX(0) -range all -zoomed 0
Graph:DSel
Graph:Select Graph0
Mdi:NormalSize
Mdi:Resize 836 263
Mdi:Move 5 5
Mdi:Resize 836 280
Mdi:Move 5 5
Mdi:FullSize
Graph:DSel
Graph:DSel
GrXY:DeleteDMark 7
GrXY:NewGraph
# Graph1
pf:read PF:12 v(a)
# WF:12:1
Graph addsignal WF:12:1 -region new -yview real(y) -xview real(x) -tracehi 2
# Signal0
pf:read PF:12 v(b)
# WF:12:2
Graph addsignal WF:12:2 -region new -yview real(y) -xview real(x) -tracehi 2
# Signal1
pf:read PF:12 v(out)
# WF:12:3
Graph addsignal WF:12:3 -region new -yview real(y) -xview real(x) -tracehi 2
# Signal2
Mdi:FullSize
Graph:DSel
Graph:Select Graph1
Graph axisconfig AxisX(0) -range {14.7829n 14.9783n}
Graph axisconfig {AxisX(0) AxisY(0,0) AxisY(1,0) AxisY(2,0)} -range {all all all all} -zoomed {0 0 0 0}
Graph:SetCMap 2
Graph:DSel
Graph itemselect Signal2 add
# Signal2
Graph itemselect Signal2 add
# Signal2
Graph sigconfig Signal2 -region 2 -xview real(x) -yview real(y) -fill #ea1700 -linestyle - -symbol {} -bar {} -stipple {} -symwidth 10 -bus none -tracehi 2 -barwidth 0 -width 1
Graph sigconfig Signal2 -region 2 -xview real(x) -yview real(y) -fill #ea1700 -linestyle - -symbol {} -bar {} -stipple {} -symwidth 10 -bus none -tracehi 2 -barwidth 0 -width 1
Graph sigconfig Signal2 -region 2 -xview real(x) -yview real(y) -fill #ea1700 -linestyle - -symbol {} -bar {} -stipple {} -symwidth 10 -bus none -tracehi 2 -barwidth 0 -width 2
Graph sigconfig Signal2 -region 2 -xview real(x) -yview real(y) -fill #ea1700 -linestyle - -symbol {} -bar {} -stipple {} -symwidth 10 -bus none -tracehi 2 -barwidth 0 -width 3
Graph sigconfig Signal2 -region 2 -xview real(x) -yview real(y) -fill #ea1700 -linestyle - -symbol {} -bar {} -stipple {} -symwidth 10 -bus none -tracehi 2 -barwidth 0 -width 2
Mdi:ArrangeIcons
Graph:DSel
Graph:DSel
Graph itemselect Signal1 add
# Signal1
Graph sigconfig Signal1 -region 1 -xview real(x) -yview real(y) -fill #00a000 -linestyle - -symbol {} -bar {} -stipple {} -symwidth 10 -bus none -tracehi 2 -barwidth 0 -width 2
Graph:DSel
Graph itemselect Signal0 add
# Signal0
Graph sigconfig Signal0 -region 0 -xview real(x) -yview real(y) -fill #0000ff -linestyle - -symbol {} -bar {} -stipple {} -symwidth 10 -bus none -tracehi 2 -barwidth 0 -width 2
Graph itemselect Signal0 add
# Signal0
Mdi:ArrangeIcons
Graph sigconfig Signal0 -region 0 -xview real(x) -yview real(y) -fill #0000ff -linestyle - -symbol {} -bar {} -stipple {} -symwidth 10 -bus none -tracehi 2 -barwidth 0 -width 2
Graph sigconfig Signal0 -xview monotonic
Graph sigconfig Signal0 -xview normal
Mdi:ArrangeIcons
Graph sigconfig Signal0 -region 0 -xview real(x) -yview real(y) -fill #0000ff -linestyle - -symbol {} -bar {} -stipple {} -symwidth 10 -bus none -tracehi 2 -barwidth 0 -width 2
Mdi:ArrangeIcons
Graph sigconfig Signal0 -region 0 -xview real(x) -yview real(y) -fill #0000ff -linestyle - -symbol {} -bar {} -stipple {} -symwidth 10 -bus none -tracehi 2 -barwidth 0 -width 2
Mdi:ArrangeIcons
Graph sigconfig Signal0 -region 0 -xview real(x) -yview real(y) -fill #0000ff -linestyle - -symbol {} -bar {} -stipple {} -symwidth 10 -bus none -tracehi 2 -barwidth 0 -width 2
Graph:DSel
Mdi:ArrangeIcons
wm geometry . 900x765+797+127
Mdi:ArrangeIcons
wm geometry . 900x765+787+127
Mdi:ArrangeIcons
wm geometry . 900x765+777+127
Mdi:ArrangeIcons
wm geometry . 900x765+766+127
Mdi:ArrangeIcons
wm geometry . 900x765+752+127
Mdi:ArrangeIcons
wm geometry . 900x765+737+127
Mdi:ArrangeIcons
wm geometry . 900x765+724+127
Mdi:ArrangeIcons
wm geometry . 900x765+707+127
Mdi:ArrangeIcons
wm geometry . 900x765+692+127
Mdi:ArrangeIcons
wm geometry . 900x765+679+126
Mdi:ArrangeIcons
wm geometry . 900x765+666+125
Mdi:ArrangeIcons
wm geometry . 900x765+657+124
Mdi:ArrangeIcons
wm geometry . 900x765+647+122
Mdi:ArrangeIcons
wm geometry . 900x765+640+120
Mdi:ArrangeIcons
wm geometry . 900x765+633+119
Mdi:ArrangeIcons
wm geometry . 900x765+627+118
Mdi:ArrangeIcons
wm geometry . 900x765+623+118
Mdi:ArrangeIcons
wm geometry . 900x765+618+118
Mdi:ArrangeIcons
wm geometry . 900x765+615+118
Mdi:ArrangeIcons
wm geometry . 900x765+614+116
Mdi:ArrangeIcons
wm geometry . 900x765+612+116
Mdi:ArrangeIcons
wm geometry . 900x765+609+116
Mdi:ArrangeIcons
wm geometry . 900x765+607+115
Mdi:ArrangeIcons
wm geometry . 900x765+606+115
Mdi:ArrangeIcons
wm geometry . 900x765+605+115
Mdi:ArrangeIcons
wm geometry . 900x765+604+115
Mdi:ArrangeIcons
wm geometry . 900x765+603+115
Mdi:ArrangeIcons
wm geometry . 900x765+602+115
Mdi:ArrangeIcons
wm geometry . 900x765+601+115
Mdi:ArrangeIcons
wm geometry . 900x765+600+115
Mdi:ArrangeIcons
wm geometry . 900x765+599+115
Mdi:ArrangeIcons
wm geometry . 900x765+599+114
Mdi:ArrangeIcons
wm geometry . 900x765+602+113
Mdi:ArrangeIcons
wm geometry . 900x765+606+112
Mdi:ArrangeIcons
wm geometry . 900x765+607+111
Mdi:ArrangeIcons
wm geometry . 900x765+609+111
Mdi:ArrangeIcons
wm geometry . 900x765+612+108
Mdi:ArrangeIcons
wm geometry . 900x765+615+106
Mdi:ArrangeIcons
wm geometry . 900x765+620+104
Mdi:ArrangeIcons
wm geometry . 900x765+623+104
Mdi:ArrangeIcons
wm geometry . 900x765+628+103
Mdi:ArrangeIcons
wm geometry . 900x765+635+102
Mdi:ArrangeIcons
wm geometry . 900x765+643+100
Mdi:ArrangeIcons
wm geometry . 900x765+653+99
Mdi:ArrangeIcons
wm geometry . 900x765+665+99
Mdi:ArrangeIcons
wm geometry . 900x765+679+99
Mdi:ArrangeIcons
wm geometry . 900x765+692+99
Mdi:ArrangeIcons
wm geometry . 900x765+711+99
Mdi:ArrangeIcons
wm geometry . 900x765+728+99
Mdi:ArrangeIcons
wm geometry . 900x765+748+97
Mdi:ArrangeIcons
wm geometry . 900x765+762+96
Mdi:ArrangeIcons
wm geometry . 900x765+775+94
Mdi:ArrangeIcons
wm geometry . 900x765+788+93
Mdi:ArrangeIcons
wm geometry . 900x765+796+92
Mdi:ArrangeIcons
wm geometry . 900x765+803+90
Mdi:ArrangeIcons
wm geometry . 900x765+805+89
Mdi:ArrangeIcons
wm geometry . 900x765+807+87
Mdi:ArrangeIcons
wm geometry . 900x765+808+87
Mdi:ArrangeIcons
wm geometry . 900x765+810+85
Mdi:ArrangeIcons
wm geometry . 900x765+810+84
Mdi:ArrangeIcons
wm geometry . 900x765+812+83
Mdi:ArrangeIcons
wm geometry . 900x765+814+80
Mdi:ArrangeIcons
wm geometry . 900x765+814+79
Mdi:ArrangeIcons
wm geometry . 900x765+816+76
Mdi:ArrangeIcons
wm geometry . 900x765+816+74
Mdi:ArrangeIcons
wm geometry . 900x765+818+71
Mdi:ArrangeIcons
wm geometry . 900x765+819+68
Mdi:ArrangeIcons
wm geometry . 900x765+819+66
Mdi:ArrangeIcons
wm geometry . 900x765+820+63
Mdi:ArrangeIcons
wm geometry . 900x765+820+62
Mdi:ArrangeIcons
wm geometry . 900x765+820+60
Mdi:ArrangeIcons
wm geometry . 900x765+821+58
Mdi:ArrangeIcons
wm geometry . 900x765+821+57
Mdi:ArrangeIcons
wm geometry . 900x765+821+56
Mdi:ArrangeIcons
wm geometry . 900x765+821+55
Mdi:ArrangeIcons
wm geometry . 900x765+821+54
Mdi:ArrangeIcons
wm geometry . 900x765+821+53
Mdi:ArrangeIcons
wm geometry . 900x765+821+52
Mdi:ArrangeIcons
wm geometry . 900x765+821+51
Mdi:ArrangeIcons
wm geometry . 900x765+821+50
Mdi:ArrangeIcons
wm geometry . 900x765+821+49
Mdi:ArrangeIcons
wm geometry . 900x765+822+47
Mdi:ArrangeIcons
wm geometry . 900x765+822+46
Mdi:ArrangeIcons
wm geometry . 900x765+822+42
Mdi:ArrangeIcons
wm geometry . 900x765+822+40
Mdi:ArrangeIcons
wm geometry . 900x765+823+38
Mdi:ArrangeIcons
wm geometry . 900x765+823+36
Mdi:ArrangeIcons
wm geometry . 900x765+823+35
Mdi:ArrangeIcons
wm geometry . 900x765+823+33
Mdi:ArrangeIcons
wm geometry . 900x765+823+32
Mdi:ArrangeIcons
wm geometry . 900x765+824+32
Mdi:ArrangeIcons
wm geometry . 900x765+825+32
Mdi:ArrangeIcons
wm geometry . 900x765+825+31
Mdi:ArrangeIcons
wm geometry . 900x765+825+30
Mdi:ArrangeIcons
wm geometry . 900x765+825+29
Mdi:ArrangeIcons
wm geometry . 900x765+825+28
Mdi:ArrangeIcons
wm geometry . 900x765+825+27
Mdi:ArrangeIcons
wm geometry . 900x765+825+26
Mdi:ArrangeIcons
wm geometry . 900x765+825+25
Mdi:ArrangeIcons
Mdi:ArrangeIcons
Graph:DSel
Graph itemselect AxisY(1,0) add
# AxisY(1,0)
Mdi:ArrangeIcons
Mdi:ArrangeIcons
Graph:DSel
Graph itemselect Signal0 add
# Signal0
Graph sigconfig Signal0 -region 1 -rgnindex 1
Graph itemselect Signal0 add
# Signal0
Graph:DSel
Graph itemselect Signal2 add
# Signal2
Graph sigconfig Signal2 -region 0 -rgnindex 2
Graph:DSel
Graph axisconfig {AxisY(0,0) AxisX(0)} -range {{1.8654750985373 -0.072820285378697} {5.79372n 6.9228n}}
Graph:DSel
Graph itemselect AxisX(0) add
# AxisX(0)
Graph:DSel
Graph axisconfig AxisX(0) -gridvis y
Graph axisconfig AxisX(0) -slider yes
Graph:Select Graph1
Graph axisconfig AxisX(0) -range {5.3914355206873n 6.8914355206873n exact}
Graph axisconfig AxisX(0) -range {5.2828710413745n 6.7828710413745n exact}
Graph axisconfig AxisX(0) -range {5.0874549786115n 6.5874549786114n exact}
Graph axisconfig AxisX(0) -range {4.9571776034361n 6.4571776034361n exact}
Graph axisconfig AxisX(0) -range {4.8486131241233n 6.3486131241233n exact}
Graph axisconfig AxisX(0) -range {4.6966228530854n 6.1966228530854n exact}
Graph axisconfig AxisX(0) -range {4.522919686185n 6.0229196861849n exact}
Graph axisconfig AxisX(0) -range {4.3057907275594n 5.8057907275593n exact}
Graph axisconfig AxisX(0) -range {4.175513352384n 5.675513352384n exact}
Graph axisconfig AxisX(0) -range {4.0018101854835n 5.5018101854835n exact}
Graph axisconfig AxisX(0) -range {3.8498199144456n 5.3498199144456n exact}
Graph axisconfig AxisX(0) -range {3.5892651640949n 5.0892651640949n exact}
Graph axisconfig AxisX(0) -range {3.3069975178817n 4.8069975178816n exact}
Graph axisconfig AxisX(0) -range {3.0681556633935n 4.5681556633935n exact}
Graph axisconfig AxisX(0) -range {2.8293138089054n 4.3293138089053n exact}
Graph axisconfig AxisX(0) -range {2.9813040799433n 4.4813040799433n exact}
Graph axisconfig AxisX(0) -range {3.1332943509812n 4.6332943509812n exact}
Graph axisconfig AxisX(0) -range {3.2852846220191n 4.7852846220191n exact}
Graph axisconfig AxisX(0) -range {3.437274893057n 4.937274893057n exact}
Graph axisconfig AxisX(0) -range {3.63269095582n 5.13269095582n exact}
Graph axisconfig AxisX(0) -range {3.8063941227205n 5.3063941227205n exact}
Graph axisconfig AxisX(0) -range {3.9149586020333n 5.4149586020333n exact}
Graph axisconfig AxisX(0) -range {3.8063941227205n 5.3063941227205n exact}
Graph axisconfig AxisX(0) -range {3.6761167475452n 5.1761167475451n exact}
Graph axisconfig AxisX(0) -range {3.5675522682324n 5.0675522682323n exact}
Graph axisconfig AxisX(0) -range {3.6761167475452n 5.1761167475451n exact}
Graph axisconfig AxisX(0) -range {3.8063941227205n 5.3063941227205n exact}
Graph axisconfig AxisX(0) -range {3.9149586020333n 5.4149586020333n exact}
Graph axisconfig AxisX(0) -range {4.0452359772087n 5.5452359772086n exact}
Graph axisconfig AxisX(0) -range {5.3262968330996n 6.8262968330996n exact}
Graph axisconfig AxisX(0) -range {7.3673090441801n 8.8673090441801n exact}
Graph axisconfig AxisX(0) -range {7.9101314407441n 9.4101314407441n exact}
Graph axisconfig AxisX(0) -range {8.0404088159195n 9.5404088159194n exact}
Graph axisconfig AxisX(0) -range {8.1923990869574n 9.6923990869573n exact}
Graph axisconfig AxisX(0) -range {8.4529538373081n 9.952953837308n exact}
Graph axisconfig AxisX(0) -range {8.6700827959337n 10.170082795934n exact}
Graph axisconfig AxisX(0) -range {8.9089246504218n 10.408924650422n exact}
Graph axisconfig AxisX(0) -range {8.6266570042086n 10.126657004209n exact}
Graph axisconfig AxisX(0) -range {8.0404088159195n 9.5404088159199n exact}
Graph axisconfig AxisX(0) -range {7.5192993152181n 9.0192993152185n exact}
Graph axisconfig AxisX(0) -range {7.4107348359053n 8.9107348359057n exact}
Graph axisconfig AxisX(0) -range {7.5192993152181n 9.0192993152185n exact}
Graph axisconfig AxisX(0) -range {7.6278637945309n 9.1278637945313n exact}
Graph axisconfig AxisX(0) -range {7.7364282738436n 9.236428273844n exact}
Graph axisconfig AxisX(0) -range {7.8884185448816n 9.388418544882n exact}
Graph axisconfig AxisX(0) -range {8.0186959200569n 9.5186959200573n exact}
Graph axisconfig AxisX(0) -range {8.1272603993697n 9.6272603993701n exact}
Graph axisconfig AxisX(0) -range {8.2358248786825n 9.7358248786829n exact}
Graph axisconfig AxisX(0) -range {8.3443893579953n 9.8443893579957n exact}
Graph axisconfig AxisX(0) -range {8.4529538373081n 9.9529538373085n exact}
Graph axisconfig AxisX(0) -range {8.5615183166209n 10.061518316621n exact}
Graph axisconfig AxisX(0) -range {8.6700827959337n 10.170082795934n exact}
Graph axisconfig AxisX(0) -range {8.8437859628341n 10.343785962835n exact}
Graph axisconfig AxisX(0) -range {8.9523504421469n 10.452350442148n exact}
Graph axisconfig AxisX(0) -range {9.0609149214597n 10.560914921461n exact}
Graph axisconfig AxisX(0) -range {9.1694794007725n 10.669479400774n exact}
Graph axisconfig AxisX(0) -range {9.2780438800853n 10.778043880087n exact}
Graph axisconfig AxisX(0) -range {9.3866083593981n 10.8866083594n exact}
Graph axisconfig AxisX(0) -range {9.4951728387109n 10.995172838713n exact}
Graph axisconfig AxisX(0) -range {9.6037373180237n 11.103737318026n exact}
Graph axisconfig AxisX(0) -range {9.7123017973365n 11.212301797339n exact}
Graph axisconfig AxisX(0) -range {9.5168857345735n 11.016885734576n exact}
Graph axisconfig AxisX(0) -range {9.0174891297346n 10.517489129737n exact}
Graph axisconfig AxisX(0) -range {8.7135085876588n 10.213508587661n exact}
Graph axisconfig AxisX(0) -range {8.604944108346n 10.104944108348n exact}
Graph axisconfig AxisX(0) -range {8.4746667331706n 9.9746667331726n exact}
Graph axisconfig AxisX(0) -range {8.2575377745451n 9.757537774547n exact}
Graph axisconfig AxisX(0) -range {8.0186959200569n 9.5186959200588n exact}
Graph axisconfig AxisX(0) -range {7.6061508986683n 9.1061508986702n exact}
Graph axisconfig AxisX(0) -range {6.933051126929n 8.4330511269309n exact}
Graph axisconfig AxisX(0) -range {6.3033771469148n 7.8033771469167n exact}
Graph axisconfig AxisX(0) -range {5.3262968330996n 6.8262968331015n exact}
Graph axisconfig AxisX(0) -range {4.7400486448105n 6.2400486448125n exact}
Graph axisconfig AxisX(0) -range {4.5663454779101n 6.066345477912n exact}
Graph axisconfig AxisX(0) -range {4.370929415147n 5.870929415149n exact}
Graph axisconfig AxisX(0) -range {4.2189391441091n 5.7189391441111n exact}
Graph axisconfig AxisX(0) -range {4.0669488730712n 5.5669488730731n exact}
Graph axisconfig AxisX(0) -range {3.8281070185831n 5.328107018585n exact}
Graph axisconfig AxisX(0) -range {3.63269095582n 5.132690955822n exact}
Graph axisconfig AxisX(0) -range {3.4155619971945n 4.9155619971964n exact}
Graph axisconfig AxisX(0) -range {3.1767201427063n 4.6767201427082n exact}
Graph axisconfig AxisX(0) -range {2.9161653923556n 4.4161653923575n exact}
Graph axisconfig AxisX(0) -range {2.8076009130428n 4.3076009130447n exact}
Graph axisconfig AxisX(0) -range {2.5253332668296n 4.0253332668315n exact}
Graph axisconfig AxisX(0) -range {2.3733429957916n 3.8733429957936n exact}
Graph axisconfig AxisX(0) -range {2.2213527247537n 3.7213527247556n exact}
Graph axisconfig AxisX(0) -range {2.0910753495784n 3.5910753495803n exact}
Graph axisconfig AxisX(0) -range {1.9825108702656n 3.4825108702675n exact}
Graph axisconfig AxisX(0) -range {1.8739463909528n 3.3739463909547n exact}
Graph axisconfig AxisX(0) -range {1.76538191164n 3.2653819116419n exact}
Graph axisconfig AxisX(0) -range {1.6351045364646n 3.1351045364666n exact}
Graph axisconfig AxisX(0) -range {1.5265400571518n 3.0265400571538n exact}
Graph axisconfig AxisX(0) -range {1.417975577839n 2.917975577841n exact}
Graph axisconfig AxisX(0) -range {1.2659853068011n 2.7659853068031n exact}
Graph axisconfig AxisX(0) -range {788.30159782481p 2.2883015978268n exact}
Graph axisconfig AxisX(0) -range {50.063138497813p 1.5500631384998n exact}
Graph axisconfig AxisX(0) -range {-579.61084151639p 920.3891584856p exact}
Graph axisconfig AxisX(0) -range {-861.87848772965p 638.12151227233p exact}
Graph axisconfig AxisX(0) -range {-970.44296704245p 529.55703295954p exact}
Graph axisconfig AxisX(0) -range {-1.1007203422178n 399.27965778419p exact}
Graph axisconfig AxisX(0) -range {-1.2527106132557n 247.28938674628p exact}
Graph axisconfig AxisX(0) -range {-1.4264137801562n 73.586219845806p exact}
Graph axisconfig AxisX(0) -range {-1.6869685305069n -186.9685305049p exact}
Graph axisconfig AxisX(0) -range {-1.7955330098197n -295.53300981769p exact}
Graph axisconfig AxisX(0) -range {-1.9040974891325n -404.09748913049p exact}
Graph axisconfig AxisX(0) -range {-1.6435427387818n -143.54273877978p exact}
Graph axisconfig AxisX(0) -range {-1.2744235091183n 225.57649088372p exact}
Graph axisconfig AxisX(0) -range {-883.59138359223p 616.40861640977p exact}
Graph axisconfig AxisX(0) -range {-644.74952910409p 855.25047089792p exact}
Graph axisconfig AxisX(0) -range {-492.75925806618p 1.0072407419358n exact}
Graph axisconfig AxisX(0) -range {-362.48188289082p 1.1375181171112n exact}
Graph axisconfig AxisX(0) -range {-253.91740357803p 1.246082596424n exact}
Graph axisconfig AxisX(0) -range {-145.35292426524p 1.3546470757368n exact}
Graph axisconfig AxisX(0) -range {-36.788444952446p 1.4632115550496n exact}
Graph axisconfig AxisX(0) -range {71.776034360348p 1.5717760343624n exact}
Graph axisconfig AxisX(0) -range {-58.501340815005p 1.441498659187n exact}
Graph axisconfig AxisX(0) -range {-188.77871599036p 1.3112212840117n exact}
Graph axisconfig AxisX(0) -range {-80.214236677566p 1.4197857633245n exact}
Graph axisconfig AxisX(0) -range {28.350242635228p 1.5283502426373n exact}
Graph axisconfig AxisX(0) -range {136.91472194802p 1.6369147219501n exact}
Graph axisconfig AxisX(0) -range {245.47920126082p 1.7454792012629n exact}
Graph axisconfig AxisX(0) -range {354.04368057361p 1.8540436805757n exact}
Graph axisconfig AxisX(0) -range {462.60815988641p 1.9626081598885n exact}
Graph axisconfig AxisX(0) -range {571.1726391992p 2.0711726392013n exact}
Graph axisconfig AxisX(0) -range {679.73711851199p 2.1797371185142n exact}
Graph axisconfig AxisX(0) -range {810.01449368735p 2.3100144936895n exact}
Graph axisconfig AxisX(0) -range {918.57897300014p 2.4185789730023n exact}
Graph axisconfig AxisX(0) -range {1.4396884737015n 2.9396884737038n exact}
Graph axisconfig AxisX(0) -range {2.308204308204n 3.8082043082061n exact}
Graph axisconfig AxisX(0) -range {2.9813040799433n 4.4813040799454n exact}
Graph axisconfig AxisX(0) -range {3.3069975178817n 4.8069975178838n exact}
Graph axisconfig AxisX(0) -range {3.7195425392703n 5.2195425392724n exact}
Graph axisconfig AxisX(0) -range {4.0235230813461n 5.5235230813482n exact}
Graph axisconfig AxisX(0) -range {4.2623649358342n 5.7623649358364n exact}
Graph axisconfig AxisX(0) -range {4.6749099572229n 6.174909957225n exact}
Graph axisconfig AxisX(0) -range {5.0657420827489n 6.5657420827511n exact}
Graph axisconfig AxisX(0) -range {5.4131484165499n 6.913148416552n exact}
Graph axisconfig AxisX(0) -range {5.7171289586257n 7.2171289586278n exact}
Graph axisconfig AxisX(0) -range {6.1296739800143n 7.6296739800164n exact}
Graph axisconfig AxisX(0) -range {6.5422190014029n 8.0422190014051n exact}
Graph axisconfig AxisX(0) -range {6.9547640227915n 8.4547640227937n exact}
Graph axisconfig AxisX(0) -range {7.6495766903934n 9.1495766903955n exact}
Graph axisconfig AxisX(0) -range {8.2575377745451n 9.7575377745472n exact}
Graph axisconfig AxisX(0) -range {8.7135085876588n 10.213508587661n exact}
Graph axisconfig AxisX(0) -range {9.3214696718104n 10.821469671813n exact}
Graph axisconfig AxisX(0) -range {10.276837089763n 11.776837089766n exact}
Graph axisconfig AxisX(0) -range {11.167065820128n 12.667065820131n exact}
Graph axisconfig AxisX(0) -range {11.840165591867n 13.34016559187n exact}
Graph axisconfig AxisX(0) -range {12.252710613256n 13.752710613259n exact}
Graph axisconfig AxisX(0) -range {12.686968530507n 14.18696853051n exact}
Graph axisconfig AxisX(0) -range {13.186365135346n 14.686365135349n exact}
Graph axisconfig AxisX(0) -range {13.338355406384n 14.838355406387n exact}
Graph axisconfig AxisX(0) -range {13.64233594846n 15.142335948463n exact}
Graph axisconfig AxisX(0) -range {14.033168073986n 15.533168073989n exact}
Graph axisconfig AxisX(0) -range {14.402287303649n 15.902287303652n exact}
Graph axisconfig AxisX(0) -range {14.771406533312n 16.271406533315n exact}
Graph axisconfig AxisX(0) -range {15.0102483878n 16.510248387803n exact}
Graph axisconfig AxisX(0) -range {15.118812867113n 16.618812867116n exact}
Graph axisconfig AxisX(0) -range {14.92339680435n 16.423396804353n exact}
Graph axisconfig AxisX(0) -range {14.510851782961n 16.010851782964n exact}
Graph axisconfig AxisX(0) -range {13.881177802947n 15.38117780295n exact}
Graph axisconfig AxisX(0) -range {13.750900427772n 15.250900427775n exact}
Graph axisconfig AxisX(0) -range {13.642335948459n 15.142335948462n exact}
Graph axisconfig AxisX(0) -range {13.533771469146n 15.033771469149n exact}
Graph axisconfig AxisX(0) -range {13.425206989833n 14.925206989836n exact}
Graph axisconfig AxisX(0) -range {13.31664251052n 14.816642510523n exact}
Graph axisconfig AxisX(0) -range {13.077800656032n 14.577800656035n exact}
Graph axisconfig AxisX(0) -range {12.969236176719n 14.469236176722n exact}
Graph axisconfig AxisX(0) -range {12.274423509117n 13.77442350912n exact}
Graph axisconfig AxisX(0) -range {10.928223965638n 12.428223965641n exact}
Graph axisconfig AxisX(0) -range {10.211698402174n 11.711698402177n exact}
Graph axisconfig AxisX(0) -range {10.081421026999n 11.581421027002n exact}
Graph axisconfig AxisX(0) -range {9.9728565476861n 11.472856547689n exact}
Graph axisconfig AxisX(0) -range {9.7991533807856n 11.299153380788n exact}
Graph axisconfig AxisX(0) -range {9.6254502138852n 11.125450213888n exact}
Graph axisconfig AxisX(0) -range {9.1260536090463n 10.626053609049n exact}
Graph axisconfig AxisX(0) -range {8.6266570042075n 10.12665700421n exact}
Graph axisconfig AxisX(0) -range {8.3878151497193n 9.8878151497219n exact}
Graph axisconfig AxisX(0) -range {8.0404088159184n 9.540408815921n exact}
Graph axisconfig AxisX(0) -range {7.7798540655677n 9.2798540655702n exact}
Graph axisconfig AxisX(0) -range {7.6712895862549n 9.1712895862575n exact}
Graph axisconfig AxisX(0) -range {7.5627251069421n 9.0627251069447n exact}
Graph axisconfig AxisX(0) -range {7.3455961483165n 8.8455961483191n exact}
Graph axisconfig AxisX(0) -range {7.2153187731411n 8.7153187731437n exact}
Graph axisconfig AxisX(0) -range {7.1067542938284n 8.6067542938309n exact}
Graph axisconfig AxisX(0) -range {6.9981898145156n 8.4981898145181n exact}
Graph axisconfig AxisX(0) -range {6.8896253352028n 8.3896253352053n exact}
Graph axisconfig AxisX(0) -range {6.9981898145156n 8.4981898145181n exact}
Graph axisconfig AxisX(0) -range {7.1284671896909n 8.6284671896935n exact}
Graph axisconfig AxisX(0) -range {7.2587445648663n 8.7587445648688n exact}
Graph axisconfig AxisX(0) -range {7.3673090441791n 8.8673090441816n exact}
Graph axisconfig AxisX(0) -range {7.4758735234919n 8.9758735234944n exact}
Graph axisconfig AxisX(0) -range {7.6061508986672n 9.1061508986698n exact}
Graph axisconfig AxisX(0) -range {7.71471537798n 9.2147153779826n exact}
Graph axisconfig AxisX(0) -range {7.8232798572928n 9.3232798572954n exact}
Graph axisconfig AxisX(0) -range {7.9535572324681n 9.4535572324707n exact}
Graph axisconfig AxisX(0) -range {8.1055475035061n 9.6055475035086n exact}
Graph axisconfig AxisX(0) -range {8.2358248786814n 9.735824878684n exact}
Graph axisconfig AxisX(0) -range {8.1272603993686n 9.6272603993712n exact}
Graph axisconfig AxisX(0) -range {7.9752701283307n 9.4752701283333n exact}
Graph axisconfig AxisX(0) -range {7.8667056490179n 9.3667056490205n exact}
Graph axisconfig AxisX(0) -range {7.7581411697051n 9.2581411697077n exact}
Graph axisconfig AxisX(0) -range {7.6495766903923n 9.1495766903949n exact}
Graph axisconfig AxisX(0) -range {7.2587445648663n 8.7587445648688n exact}
Graph axisconfig AxisX(0) -range {6.4553674179516n 7.9553674179542n exact}
Graph axisconfig AxisX(0) -range {5.5217128958616n 7.0217128958641n exact}
Graph axisconfig AxisX(0) -range {4.6097712696341n 6.1097712696367n exact}
Graph axisconfig AxisX(0) -range {3.9149586020322n 5.4149586020348n exact}
Graph axisconfig AxisX(0) -range {3.6544038516815n 5.1544038516841n exact}
Graph axisconfig AxisX(0) -range {3.5458393723687n 5.0458393723713n exact}
Graph axisconfig AxisX(0) -range {3.3287104137431n 4.8287104137457n exact}
Graph axisconfig AxisX(0) -range {3.1984330385678n 4.6984330385704n exact}
Graph axisconfig AxisX(0) -range {3.0464427675299n 4.5464427675324n exact}
Graph axisconfig AxisX(0) -range {2.8076009130417n 4.3076009130443n exact}
Graph axisconfig AxisX(0) -range {2.5687590585536n 4.0687590585562n exact}
Graph axisconfig AxisX(0) -range {2.3299172040654n 3.829917204068n exact}
Graph axisconfig AxisX(0) -range {2.1996398288901n 3.6996398288927n exact}
Graph axisconfig AxisX(0) -range {2.0910753495773n 3.5910753495799n exact}
Graph axisconfig AxisX(0) -range {1.9173721826768n 3.4173721826794n exact}
Graph axisconfig AxisX(0) -range {1.808807703364n 3.3088077033666n exact}
Graph axisconfig AxisX(0) -range {1.7002432240512n 3.2002432240538n exact}
Graph axisconfig AxisX(0) -range {1.5916787447384n 3.091678744741n exact}
Graph axisconfig AxisX(0) -range {1.461401369563n 2.9614013695657n exact}
Graph axisconfig AxisX(0) -range {1.3311239943876n 2.8311239943903n exact}
Graph axisconfig AxisX(0) -range {1.2225595150748n 2.7225595150775n exact}
Graph axisconfig AxisX(0) -range {1.113995035762n 2.6139950357647n exact}
Graph axisconfig AxisX(0) -range {962.00476472408p 2.4620047647268n exact}
Graph axisconfig AxisX(0) -range {571.17263919803p 2.0711726392008n exact}
Graph axisconfig AxisX(0) -range {180.34051367197p 1.6803405136747n exact}
Graph axisconfig AxisX(0) -range {-58.501340816175p 1.4414986591865n exact}
Graph axisconfig AxisX(0) -range {-167.06582012897p 1.3329341798737n exact}
Graph axisconfig AxisX(0) -range {-319.05609116688p 1.1809439088358n exact}
Graph axisconfig AxisX(0) -range {-188.77871599153p 1.3112212840112n exact}
Graph axisconfig AxisX(0) -range {-36.788444953619p 1.4632115550491n exact}
Graph axisconfig AxisX(0) -range {180.34051367197p 1.6803405136747n exact}
Graph axisconfig AxisX(0) -range {506.03395161035p 2.0060339516131n exact}
Graph axisconfig AxisX(0) -range {658.02422264826p 2.158024222651n exact}
Graph axisconfig AxisX(0) -range {766.58870196106p 2.2665887019638n exact}
Graph axisconfig AxisX(0) -range {875.15318127385p 2.3751531812766n exact}
Graph axisconfig AxisX(0) -range {1.0054305564492n 2.5054305564519n exact}
Graph axisconfig AxisX(0) -range {1.1574208274871n 2.6574208274898n exact}
Graph axisconfig AxisX(0) -range {1.4614013695629n 2.9614013695657n exact}
Graph axisconfig AxisX(0) -range {1.5916787447382n 3.091678744741n exact}
Graph axisconfig AxisX(0) -range {1.8305205992263n 3.3305205992292n exact}
Graph axisconfig AxisX(0) -range {2.1562140371647n 3.6562140371675n exact}
Graph axisconfig AxisX(0) -range {2.3082043082027n 3.8082043082055n exact}
Graph axisconfig AxisX(0) -range {2.1779269330273n 3.6779269330301n exact}
Graph axisconfig AxisX(0) -range {1.9825108702643n 3.4825108702671n exact}
Graph axisconfig AxisX(0) -range {1.6785303281885n 3.1785303281912n exact}
Graph axisconfig AxisX(0) -range {1.5699658488757n 3.0699658488785n exact}
Graph axisconfig AxisX(0) -range {1.3311239943876n 2.8311239943903n exact}
Graph axisconfig AxisX(0) -range {983.71766058667p 2.4837176605894n exact}
Graph axisconfig AxisX(0) -range {679.73711851084p 2.1797371185135n exact}
Graph axisconfig AxisX(0) -range {571.17263919805p 2.0711726392008n exact}
Graph axisconfig AxisX(0) -range {462.60815988526p 1.962608159888n exact}
Graph axisconfig AxisX(0) -range {592.88553506061p 2.0928855350634n exact}
Graph axisconfig AxisX(0) -range {766.58870196108p 2.2665887019638n exact}
Graph axisconfig AxisX(0) -range {940.29186886155p 2.4402918688643n exact}
Graph axisconfig AxisX(0) -range {1.1357079316246n 2.6357079316273n exact}
Graph axisconfig AxisX(0) -range {1.2876982026625n 2.7876982026652n exact}
Graph axisconfig AxisX(0) -range {1.4179755778379n 2.9179755778405n exact}
Graph axisconfig AxisX(0) -range {1.5265400571507n 3.0265400571533n exact}
Graph axisconfig AxisX(0) -range {1.6351045364635n 3.1351045364661n exact}
Graph axisconfig AxisX(0) -range {1.7870948075014n 3.287094807504n exact}
Graph axisconfig AxisX(0) -range {1.8956592868142n 3.3956592868168n exact}
Graph axisconfig AxisX(0) -range {2.004223766127n 3.5042237661296n exact}
Mdi:ArrangeIcons
Mdi:ArrangeIcons
Mdi:ArrangeIcons
