pnlAddPane();
nil
1
designOpen("c:\\users\\bangonkali\\desktop\\ee 272\\cvsl\\cvsl.sp");
"D0"
t
pnlAddCurve(1, node(D0,"A0","v(z!)"), node(D0,"A0","TIME"));
nil
pnlAddCurve(1, node(D0,"A0","v(z)"), node(D0,"A0","TIME"));
nil
pnlAddCurve(1, node(D0,"A0","v(in_!a)"), node(D0,"A0","TIME"));
nil
pnlDelCurve(1, node(D0,"A0","v(z)"), node(D0,"A0","TIME"));
nil
pnlDelCurve(1, node(D0,"A0","v(in_!a)"), node(D0,"A0","TIME"));
nil
pnlDelCurve(1, node(D0,"A0","v(z!)"), node(D0,"A0","TIME"));
nil
pnlUnselectPane(1, 0);
nil
pnlSelectPane(1);
nil
pnlAddPane();
nil
nil
2
pnlUnselectPane(2, 0);
nil
pnlSelectPane(1);
nil
pnlAddCurve(1, node(D0,"A0","v(z!)"), node(D0,"A0","TIME"));
nil
pnlUnselectPane(1, 0);
nil
pnlSelectPane(2);
nil
pnlAddCurve(2, node(D0,"A0","v(z)"), node(D0,"A0","TIME"));
nil
pnlAddPane();
nil
nil
3
pnlAddPane();
4
pnlUnselectPane(3, 0);
nil
pnlSelectPane(3);
nil
pnlUnselectPane(3, 0);
nil
pnlSelectPane(3);
nil
pnlUnselectPane(3, 0);
nil
pnlSelectPane(3);
nil
pnlAddCurve(3, node(D0,"A0","v(in_a)"), node(D0,"A0","TIME"));
nil
pnlUnselectPane(3, 0);
nil
pnlSelectPane(2);
nil
pnlAddPane();
nil
nil
5
pnlAddCurve(5, node(D0,"A0","v(0)"), node(D0,"A0","TIME"));
nil
pnlDelCurve(5, node(D0,"A0","v(0)"), node(D0,"A0","TIME"));
nil
pnlAddCurve(5, node(D0,"A0","v(in_!a)"), node(D0,"A0","TIME"));
nil
pnlUnselectPane(5, 0);
nil
pnlSelectPane(5);
nil
pnlUnselectPane(5, 0);
nil
pnlSelectPane(3);
nil
pnlUnselectPane(3, 0);
nil
pnlSelectPane(2);
nil
pnlUnselectPane(2, 0);
nil
pnlSelectPane(5);
nil
updateAll();
t
updateAll();
t
planSave("wave");
t
updateAll();
t
pnlUnselectPane(5, 0);
nil
pnlSelectPane(3);
nil
updateAll();
t
pnlUnselectPane(3, 0);
nil
pnlSelectPane(2);
nil
pnlUnselectPane(2, 0);
nil
pnlSelectPane(1);
nil
pnlUnselectPane(1, 0);
nil
pnlSelectPane(5);
nil
pnlDelCurve(5, node(D0,"A0","v(in_!a)"), node(D0,"A0","TIME"));
nil
pnlUnselectPane(5, 0);
nil
pnlSelectPane(5);
nil
pnlUnselectPane(5, 0);
nil
pnlSelectPane(5);
nil
pnlUnselectPane(5, 0);
nil
pnlSelectPane(5);
nil
pnlAddPane();
nil
nil
6
pnlUnselectPane(6, 0);
nil
pnlSelectPane(5);
nil
pnlAddCurve(5, node(D0,"A0","v(in_b)"), node(D0,"A0","TIME"));
nil
pnlUnselectPane(5, 0);
nil
pnlSelectPane(6);
nil
pnlAddCurve(6, node(D0,"A0","v(in_c)"), node(D0,"A0","TIME"));
nil
pnlUnselectPane(6, 0);
nil
pnlSelectPane(5);
nil
pnlUnselectPane(5, 0);
nil
pnlSelectPane(1);
nil
pnlUnselectPane(1, 0);
nil
pnlSelectPane(5);
nil
pnlDelCurve(5, node(D0,"A0","v(in_b)"), node(D0,"A0","TIME"));
nil
pnlHidePane(5, 0);
nil
pnlSelectPane(1);
nil
pnlUnselectPane(1, 0);
nil
pnlSelectPane(1);
nil
pnlHidePane(1, 0);
nil
pnlSelectPane(2);
nil
pnlUnselectPane(2, 0);
nil
pnlSelectPane(2);
nil
pnlUnselectPane(2, 0);
nil
pnlSelectPane(2);
nil
pnlUnselectPane(2, 0);
nil
pnlSelectPane(2);
nil
pnlUnselectPane(2, 0);
nil
pnlSelectPane(3);
nil
pnlUnselectPane(3, 0);
nil
pnlSelectPane(2);
nil
pnlAddPane();
nil
nil
7
pnlUnselectPane(7, 0);
nil
pnlSelectPane(7);
nil
pnlDeletePane(7, 0);
nil
nil
pnlSelectPane(2);
nil
pnlDeletePane(2, 0);
nil
nil
pnlSelectPane(2);
nil
pnlDeletePane(2, 0);
nil
nil
pnlSelectPane(4);
nil
pnlDeletePane(4, 0);
nil
nil
pnlShowPane(1, 1);
nil
nil
pnlShowPane(2, 1);
nil
pnlShowPane(3, 1);
nil
pnlDelCurve(1, node(D0,"A0","v(z!)"), node(D0,"A0","TIME"));
nil
pnlDeletePane(1, 0);
nil
nil
pnlSelectPane(1);
nil
pnlDeletePane(1, 0);
nil
nil
pnlSelectPane(1);
nil
pnlDeletePane(1, 0);
nil
nil
pnlAddPane();
nil
1
pnlAddPane();
nil
nil
2
pnlAddPane();
nil
nil
3
pnlAddPane();
nil
nil
4
pnlAddPane();
nil
nil
5
pnlAddPane();
6
pnlAddPane();
nil
nil
7
pnlUnselectPane(7, 0);
nil
pnlSelectPane(4);
nil
pnlUnselectPane(4, 0);
nil
pnlSelectPane(1);
nil
pnlAddCurve(1, node(D0,"A0","v(in_a)"), node(D0,"A0","TIME"));
nil
pnlUnselectPane(1, 0);
nil
pnlSelectPane(2);
nil
pnlAddCurve(2, node(D0,"A0","v(in_b)"), node(D0,"A0","TIME"));
nil
pnlUnselectPane(2, 0);
nil
pnlSelectPane(3);
nil
pnlAddCurve(3, node(D0,"A0","v(in_c)"), node(D0,"A0","TIME"));
nil
pnlUnselectPane(3, 0);
nil
pnlSelectPane(4);
nil
pnlUnselectPane(4, 0);
nil
pnlSelectPane(4);
nil
pnlAddCurve(4, node(D0,"A0","v(z)"), node(D0,"A0","TIME"));
nil
pnlUnselectPane(4, 0);
nil
pnlSelectPane(5);
nil
pnlAddCurve(5, node(D0,"A0","v(z!)"), node(D0,"A0","TIME"));
nil
pnlUnselectPane(5, 0);
nil
pnlSelectPane(7);
nil
pnlDeletePane(7, 0);
nil
nil
pnlSelectPane(1);
nil
pnlUnselectPane(1, 0);
nil
pnlSelectPane(3);
nil
pnlSelectPane(4);
nil
updateAll();
t
pnlUnselectPane(3, 0);
nil
pnlUnselectPane(4, 0);
nil
pnlSelectPane(2);
nil
updateAll();
t
updateAll();
t
updateAll();
t
updateAll();
t
updateAll();
t
updateAll();
t
updateAll();
t
planSave("wave");
t
quit();
exit
pnlDeletePane(6, 1);
nil
nil
pnlDeletePane(5, 1);
nil
nil
pnlDeletePane(4, 1);
nil
nil
pnlDeletePane(3, 1);
nil
nil
pnlDeletePane(2, 1);
nil
nil
nil
pnlDeletePane(1, 1);
nil
nil
