Mdi:ArrangeIcons
wm geometry . 900x765+0+85
Mdi:ArrangeIcons
Mdi:ArrangeIcons
Mdi:ArrangeIcons
ScopeSigMgr:loadpffile {{C:/Users/Bangonkali/Desktop/EE 272/SUBMISSION/INVERTER/inverter_tb.sw0}} 1 openonly
# PF:1
pf:read PF:1 v(in)
# WF:1:1
Graph addsignal WF:1:1 -region new -yview real(y) -xview real(x) -tracehi 2
# Signal0
pf:read PF:1 v(out)
# WF:1:2
Graph addsignal WF:1:2 -region new -yview real(y) -xview real(x) -tracehi 2
# Signal1
Graph:Select Graph0
Graph:DSel
Graph itemselect Signal1 add
# Signal1
Graph sigconfig Signal1 -region 0 -rgnindex 1
Graph:DSel
Mdi:ArrangeIcons
Graph:DSel
Graph itemselect AxisX(0) add
# AxisX(0)
Graph:DSel
Mdi:ArrangeIcons
Graph:Select Graph0
Graph:DSel
Graph itemselect AxisX(0) add
# AxisX(0)
Graph:DSel
Graph:Select Graph0
Graph:DSel
Graph itemselect AxisY(0,0) add
# AxisY(0,0)
Graph:DSel
Graph axisconfig AxisY(0,0) -range all -zoomed 0
Mdi:ArrangeIcons
Mdi:ArrangeIcons
Mdi:ArrangeIcons
Mdi:ArrangeIcons
Mdi:ArrangeIcons
Mdi:ArrangeIcons
ScopeSigMgr:loadpffile {{C:/Users/Bangonkali/Desktop/EE 272/SUBMISSION/INVERTER/inverter_tb.tr0}} 1 openonly
# PF:2
ScopeSigMgr:Unload 0 {{(1) inverter_tb.sw0}}
wm geometry .sigmgr 367x200+588+183
wm geometry .sigmgr 367x200+592+183
wm geometry .sigmgr 367x200+599+183
wm geometry .sigmgr 367x200+608+183
wm geometry .sigmgr 367x200+623+183
wm geometry .sigmgr 367x200+640+182
wm geometry .sigmgr 367x200+670+175
wm geometry .sigmgr 367x200+709+164
wm geometry .sigmgr 367x200+748+153
wm geometry .sigmgr 367x200+792+140
wm geometry .sigmgr 367x200+827+127
wm geometry .sigmgr 367x200+842+119
wm geometry .sigmgr 367x200+869+108
wm geometry .sigmgr 367x200+889+99
wm geometry .sigmgr 367x200+907+90
wm geometry .sigmgr 367x200+923+83
wm geometry .sigmgr 367x200+942+71
wm geometry .sigmgr 367x200+954+64
wm geometry .sigmgr 367x200+964+58
wm geometry .sigmgr 367x200+973+52
wm geometry .sigmgr 367x200+978+48
wm geometry .sigmgr 367x200+981+45
wm geometry .sigmgr 367x200+984+43
wm geometry .sigmgr 367x200+985+41
wm geometry .sigmgr 367x200+986+40
wm geometry .sigmgr 367x200+986+38
wm geometry .sigmgr 367x200+986+37
wm geometry .sigmgr 367x200+988+36
wm geometry .sigmgr 367x200+988+34
wm geometry .sigmgr 367x200+989+33
wm geometry .sigmgr 367x200+989+30
wm geometry .sigmgr 367x200+989+29
wm geometry .sigmgr 367x200+989+27
GrXY:NewGraph
# Graph1
pf:read PF:2 v(in_x)
# WF:2:1
Graph addsignal WF:2:1 -region new -yview real(y) -xview real(x) -tracehi 2
# Signal0
pf:read PF:2 v(out_z)
# WF:2:2
Graph addsignal WF:2:2 -region new -yview real(y) -xview real(x) -tracehi 2
# Signal1
Graph:Select Graph1
Graph:DSel
Graph itemselect Signal0 add
# Signal0
Graph sigconfig Signal0 -region 1 -rgnindex 1
Mdi:FullSize
Graph axisconfig {AxisX(0) AxisY(0,0)} -range {all all} -zoomed {0 0}
Graph:SetCMap 2
Graph itemselect Signal0 rem
Graph itemselect Signal0 add
# Signal0
Graph itemselect Signal1 add
# Signal1
Graph:DSel
Graph:DSel
Graph itemselect Signal0 add
# Signal0
Mdi:ArrangeIcons
Mdi:ArrangeIcons
Graph sigconfig Signal0 -region 0 -xview real(x) -yview real(y) -fill #0000ff -linestyle - -symbol {} -bar {} -stipple {} -symwidth 10 -bus none -tracehi 2 -barwidth 0 -width 2
Graph:DSel
Graph itemselect Signal1 add
# Signal1
Graph sigconfig Signal1 -region 0 -xview real(x) -yview real(y) -fill #00a000 -linestyle - -symbol {} -bar {} -stipple {} -symwidth 10 -bus none -tracehi 2 -barwidth 0 -width 2
Graph sigconfig Signal1 -xview monotonic
Graph sigconfig Signal1 -xview normal
Graph sigconfig Signal1 -xview monotonic
Graph sigconfig Signal1 -xview normal
Graph:DSel
Graph:DSel
Graph axisconfig {AxisY(0,0) AxisX(0)} -range {{1.8926327076861 -0.13945116254846} {3.7437n 6.8703n}}
GrMeas:Risetime Graph1 Signal1 {0.1 0.5 0.9} default default xyrangeVisible
# M:0
GrMeas:Falltime Graph1 Signal1 {0.1 0.5 0.9} default default xyrangeVisible
# M:1
Mdi:ArrangeIcons
Graph:DSel
Graph axisconfig {AxisX(0) AxisY(0,0)} -range {all all} -zoomed {0 0}
Graph:DSel
GrMeas:Select Graph1 M:0 4
GrMeas:MoveText Graph1 M:0 4 43.0 8.0
Graph:DSel
Graph:DSel
GrMeas:Select Graph1 M:1 4
GrMeas:MoveText Graph1 M:1 4 49.0 8.0
Graph:DSel
Graph:DSel
GrMeas:Select Graph1 M:1 4
GrMeas:MoveText Graph1 M:1 4 52.0 8.0
Graph:DSel
Graph itemselect AxisX(0) add
# AxisX(0)
Graph axisconfig AxisX(0) -gridvis n
Graph:DSel
GrMeas:Select Graph1 M:0 4
GrMeas:MoveText Graph1 M:0 4 47.0 3.0
Graph:DSel
Graph:DSel
GrMeas:Select Graph1 M:1 4
GrMeas:MoveText Graph1 M:1 4 51.0 3.0
Graph:DSel
Mdi:ArrangeIcons
Graph:DSel
Graph itemselect AxisY(0,0) add
# AxisY(0,0)
Graph axisconfig AxisY(0,0) -linticks 0.45 -subticks 0 -rang {-0.5 2.0} -gridvis y -label (V) -scale lin -unitscale auto
Graph axisconfig AxisY(0,0) -range all -zoomed 0
Mdi:ArrangeIcons
Mdi:ArrangeIcons
Graph:SaveGraph Graph1 {C:/Users/Bangonkali/Desktop/EE 272/SUBMISSION/INVERTER/analysis} 0 1
Mdi:ArrangeIcons
Mdi:ArrangeIcons
.frame1.mdi.mdi2.work.graph1 save -file {C:/Users/Bangonkali/Desktop/EE 272/SUBMISSION/INVERTER/analysis.png} -format png  -x 0 -y 0 -w 888 -h 642 -colormode color
Mdi:ArrangeIcons
Mdi:ArrangeIcons
Mdi:ArrangeIcons
Mdi:ArrangeIcons
ScopeSigMgr:Reload 0 {{(2) inverter_tb.tr0}}
Mdi:ArrangeIcons
Mdi:ArrangeIcons
ScopeSigMgr:Reload 0 {{(2) inverter_tb.tr0}}
Graph:DSel
Graph:Select Graph1
Graph axisconfig {AxisY(0,0) AxisX(0)} -range {{1.1160119364436 0.78860485693169} {1.945n 2.8225n}}
Mdi:ArrangeIcons
Mdi:ArrangeIcons
GrMeas:Crossing Graph1 Signal5 Signal4 either xyrangeVisible
# M:6
Graph:DSel
GrMeas:Select Graph1 M:6 0 2
GrMeas:MoveText Graph1 M:6 0 99 8
Graph:DSel
Graph:DSel
Graph axisconfig {AxisX(0) AxisY(0,0)} -range {all all} -zoomed {0 0}
Graph:DSel
GrMeas:Select Graph1 M:6 0 1
GrMeas:MoveText Graph1 M:6 0 65 30
Graph:DSel
Graph:DSel
Graph axisconfig {AxisY(0,0) AxisX(0)} -range {{0.80395206378381 0.44585057056766} {3.8315n 4.4896n}}
GrMeas:Crossing Graph1 Signal5 Signal4 either xyrangeVisible
# M:7
Graph:DSel
GrMeas:Select Graph1 M:7 0 2
GrMeas:MoveText Graph1 M:7 0 178 32
Graph axisconfig {AxisX(0) AxisY(0,0)} -range {all all} -zoomed {0 0}
Graph:DSel
Graph:DSel
GrMeas:Select Graph1 M:7 0 1
GrMeas:MoveText Graph1 M:7 0 72 -23
Graph:DSel
Graph:DSel
GrMeas:Select Graph1 M:4 4
GrMeas:MoveText Graph1 M:4 4 60.0 18.0
Graph:DSel
Graph axisconfig {AxisX(0) AxisY(0,0)} -range {all all} -zoomed {0 0}
Graph:DSel
Graph:DSel
Graph:DSel
Graph:DSel
Mdi:ArrangeIcons
Mdi:ArrangeIcons
.frame1.mdi.mdi2.work.graph1 save -file {C:/Users/Bangonkali/Desktop/EE 272/SUBMISSION/INVERTER/analysis.png} -format png  -x 0 -y 0 -w 888 -h 642 -colormode color
Mdi:ArrangeIcons
Mdi:ArrangeIcons
Mdi:ArrangeIcons
Mdi:ArrangeIcons
Mdi:ArrangeIcons
