Mdi:ArrangeIcons
Mdi:Iconify
Graph:Select Graph0
Graph:Select Graph0
Mdi:Deiconify
Mdi:FullSize
Mdi:ArrangeIcons
Mdi:ArrangeIcons
ScopeSigMgr:loadpffile {{C:/Users/Bangonkali/Desktop/EE 272/DECODER_3_8/decoder38_tf.tr0}} 1 openonly
# PF:1
pf:read PF:1 v(in_a2)
# WF:1:1
Graph addsignal WF:1:1 -region new -yview real(y) -xview real(x) -tracehi 2
# Signal0
pf:read PF:1 v(in_a1)
# WF:1:2
Graph addsignal WF:1:2 -region new -yview real(y) -xview real(x) -tracehi 2
# Signal1
pf:read PF:1 v(in_a0)
# WF:1:3
Graph addsignal WF:1:3 -region new -yview real(y) -xview real(x) -tracehi 2
# Signal2
pf:read PF:1 v(out_z7)
# WF:1:4
Graph addsignal WF:1:4 -region new -yview real(y) -xview real(x) -tracehi 2
# Signal3
pf:read PF:1 v(out_z6)
# WF:1:5
Graph addsignal WF:1:5 -region new -yview real(y) -xview real(x) -tracehi 2
# Signal4
pf:read PF:1 v(out_z5)
# WF:1:6
Graph addsignal WF:1:6 -region new -yview real(y) -xview real(x) -tracehi 2
# Signal5
pf:read PF:1 v(out_z4)
# WF:1:7
Graph addsignal WF:1:7 -region new -yview real(y) -xview real(x) -tracehi 2
# Signal6
pf:read PF:1 v(out_z3)
# WF:1:8
Graph addsignal WF:1:8 -region new -yview real(y) -xview real(x) -tracehi 2
# Signal7
pf:read PF:1 v(out_z2)
# WF:1:9
Graph addsignal WF:1:9 -region new -yview real(y) -xview real(x) -tracehi 2
# Signal8
pf:read PF:1 v(out_z1)
# WF:1:10
Graph addsignal WF:1:10 -region new -yview real(y) -xview real(x) -tracehi 2
# Signal9
pf:read PF:1 v(out_z0)
# WF:1:11
Graph addsignal WF:1:11 -region new -yview real(y) -xview real(x) -tracehi 2
# Signal10
ScopeSigMgr:Unload 0 {{(1) decoder38_tf.tr0}}
wm geometry .sigmgr 367x200+595+184
wm geometry .sigmgr 367x200+605+184
wm geometry .sigmgr 367x200+615+184
wm geometry .sigmgr 367x200+629+184
wm geometry .sigmgr 367x200+650+184
wm geometry .sigmgr 367x200+686+184
wm geometry .sigmgr 367x200+733+184
wm geometry .sigmgr 367x200+775+184
wm geometry .sigmgr 367x200+822+184
wm geometry .sigmgr 367x200+867+185
wm geometry .sigmgr 367x200+912+188
wm geometry .sigmgr 367x200+951+190
wm geometry .sigmgr 367x200+987+197
wm geometry .sigmgr 367x200+1019+202
wm geometry .sigmgr 367x200+1047+204
wm geometry .sigmgr 367x200+1060+205
wm geometry .sigmgr 367x200+1072+205
wm geometry .sigmgr 367x200+1081+205
wm geometry .sigmgr 367x200+1086+205
wm geometry .sigmgr 367x200+1088+205
Graph:Select Graph0
Graph:SetCMap 2
Graph:DSel
Mdi:ArrangeIcons
Mdi:ArrangeIcons
.frame1.mdi.mdi1.work.graph0 save -file {C:/Users/Bangonkali/Desktop/EE 272/DECODER_3_8/output_a.png} -format png  -x 0 -y 0 -w 888 -h 1112 -colormode color
Graph:DSel
Graph itemselect Signal0 add
# Signal0
Mdi:ArrangeIcons
WfA2D:A2D Graph0 Signal0 { .9}
Mdi:ArrangeIcons
Graph:DSel
Graph itemselect Signal1 add
# Signal1
WfA2D:A2D Graph0 Signal1 { .9}
Mdi:ArrangeIcons
Graph:DSel
Graph itemselect Signal2 add
# Signal2
WfA2D:A2D Graph0 Signal2 { .9}
Mdi:ArrangeIcons
Graph:DSel
Graph itemselect Signal3 add
# Signal3
WfA2D:A2D Graph0 Signal3 { .9}
Mdi:ArrangeIcons
Graph:DSel
Graph itemselect Signal4 add
# Signal4
WfA2D:A2D Graph0 Signal4 { .9}
Mdi:ArrangeIcons
Graph:DSel
Graph itemselect Signal5 add
# Signal5
WfA2D:A2D Graph0 Signal5 { .9}
Mdi:ArrangeIcons
Graph:DSel
Graph itemselect Signal6 add
# Signal6
WfA2D:A2D Graph0 Signal6 { .9}
Mdi:ArrangeIcons
Graph:DSel
Graph itemselect Signal7 add
# Signal7
WfA2D:A2D Graph0 Signal7 { .9}
Mdi:ArrangeIcons
Graph:DSel
Graph itemselect Signal8 add
# Signal8
WfA2D:A2D Graph0 Signal8 { .9}
Mdi:ArrangeIcons
Graph:DSel
Graph itemselect Signal9 add
# Signal9
WfA2D:A2D Graph0 Signal9 { .9}
Mdi:ArrangeIcons
Graph:DSel
Graph itemselect Signal10 add
# Signal10
WfA2D:A2D Graph0 Signal10 { .9}
Mdi:ArrangeIcons
Mdi:ArrangeIcons
Mdi:ArrangeIcons
.frame1.mdi.mdi1.work.graph0 save -file {C:/Users/Bangonkali/Desktop/EE 272/DECODER_3_8/out_b.png} -format png  -x 0 -y 0 -w 888 -h 1445 -colormode color
Mdi:ArrangeIcons
Mdi:ArrangeIcons
Graph:DSel
Graph itemselect Signal2 add
# Signal2
Graph delsignal selected
Graph:DSel
Graph itemselect Signal1 add
# Signal1
Graph delsignal selected
Graph:DSel
Graph itemselect Signal0 add
# Signal0
Graph delsignal selected
Mdi:ArrangeIcons
Mdi:ArrangeIcons
.frame1.mdi.mdi1.work.graph0 save -file {C:/Users/Bangonkali/Desktop/EE 272/DECODER_3_8/out_b.png} -format png  -x 0 -y 0 -w 888 -h 1166 -colormode color
Mdi:ArrangeIcons
Mdi:ArrangeIcons
Mdi:ArrangeIcons
Mdi:ArrangeIcons
ScopeSigMgr:loadpffile {{C:/Users/Bangonkali/Desktop/EE 272/ENCODER_8_3/encoder38_tf.tr0}} 1 openonly
# PF:13
ScopeSigMgr:Unload 0 {{(1) decoder38_tf.tr0}}
wm geometry .sigmgr._PF:13 200x331+994+567
wm geometry .sigmgr._PF:13 200x331+996+564
wm geometry .sigmgr._PF:13 200x331+997+560
wm geometry .sigmgr._PF:13 200x331+997+553
wm geometry .sigmgr._PF:13 200x331+998+543
wm geometry .sigmgr._PF:13 200x331+998+534
wm geometry .sigmgr._PF:13 200x331+998+524
wm geometry .sigmgr._PF:13 200x331+998+516
wm geometry .sigmgr._PF:13 200x331+998+510
wm geometry .sigmgr._PF:13 200x331+998+503
wm geometry .sigmgr._PF:13 200x331+998+498
wm geometry .sigmgr._PF:13 200x331+998+494
wm geometry .sigmgr._PF:13 200x331+998+491
wm geometry .sigmgr._PF:13 200x331+998+489
wm geometry .sigmgr._PF:13 200x331+997+488
wm geometry .sigmgr._PF:13 200x331+996+486
wm geometry .sigmgr._PF:13 200x331+996+485
wm geometry .sigmgr._PF:13 200x331+995+485
wm geometry .sigmgr._PF:13 200x331+994+484
wm geometry .sigmgr._PF:13 200x331+993+483
GrXY:NewGraph
# Graph1
pf:read PF:13 v(in_a7)
# WF:13:1
Graph addsignal WF:13:1 -region new -yview real(y) -xview real(x) -tracehi 2
# Signal0
pf:read PF:13 v(in_a6)
# WF:13:2
Graph addsignal WF:13:2 -region new -yview real(y) -xview real(x) -tracehi 2
# Signal1
pf:read PF:13 v(in_a5)
# WF:13:3
Graph addsignal WF:13:3 -region new -yview real(y) -xview real(x) -tracehi 2
# Signal2
pf:read PF:13 v(in_a4)
# WF:13:4
Graph addsignal WF:13:4 -region new -yview real(y) -xview real(x) -tracehi 2
# Signal3
pf:read PF:13 v(in_a3)
# WF:13:5
Graph addsignal WF:13:5 -region new -yview real(y) -xview real(x) -tracehi 2
# Signal4
pf:read PF:13 v(in_a2)
# WF:13:6
Graph addsignal WF:13:6 -region new -yview real(y) -xview real(x) -tracehi 2
# Signal5
pf:read PF:13 v(in_a1)
# WF:13:7
Graph addsignal WF:13:7 -region new -yview real(y) -xview real(x) -tracehi 2
# Signal6
pf:read PF:13 v(in_a0)
# WF:13:8
Graph addsignal WF:13:8 -region new -yview real(y) -xview real(x) -tracehi 2
# Signal7
pf:read PF:13 v(out_z2)
# WF:13:9
Graph addsignal WF:13:9 -region new -yview real(y) -xview real(x) -tracehi 2
# Signal8
pf:read PF:13 v(out_z1)
# WF:13:10
Graph addsignal WF:13:10 -region new -yview real(y) -xview real(x) -tracehi 2
# Signal9
pf:read PF:13 v(out_z0)
# WF:13:11
Graph addsignal WF:13:11 -region new -yview real(y) -xview real(x) -tracehi 2
# Signal10
Mdi:FullSize
Graph:Select Graph1
Graph:SetCMap 2
Graph:DSel
Mdi:ArrangeIcons
Mdi:ArrangeIcons
.frame1.mdi.mdi2.work.graph1 save -file {C:/Users/Bangonkali/Desktop/EE 272/ENCODER_8_3/ENCODERA.png} -format png  -x 0 -y 0 -w 888 -h 1112 -colormode color
Mdi:ArrangeIcons
Graph:DSel
Graph itemselect Signal8 add
# Signal8
GrMeas:Falltime Graph1 Signal8 {0.1 0.5 0.9} default default xyrangeAll
# M:0
Graph:DSel
Graph itemselect Signal9 add
# Signal9
GrMeas:Falltime Graph1 Signal9 {0.1 0.5 0.9} default default xyrangeAll
# M:1
Graph:DSel
Graph itemselect Signal10 add
# Signal10
GrMeas:Falltime Graph1 Signal10 {0.1 0.5 0.9} default default xyrangeAll
# M:2
GrMeas:Risetime Graph1 Signal10 {0.1 0.5 0.9} default default xyrangeAll
# M:3
GrMeas:Risetime Graph1 Signal9 {0.1 0.5 0.9} default default xyrangeAll
# M:4
GrMeas:Risetime Graph1 Signal8 {0.1 0.5 0.9} default default xyrangeAll
# M:5
Graph:DSel
GrMeas:Select Graph1 M:5 4
GrMeas:MoveText Graph1 M:5 4 32.0 47.0
Graph:DSel
GrMeas:Select Graph1 M:0 4
GrMeas:MoveText Graph1 M:0 4 13.0 46.0
Graph:DSel
GrMeas:Select Graph1 M:1 6
GrMeas:MoveText Graph1 M:1 6 29.0 46.0
Graph:DSel
GrMeas:Select Graph1 M:4 6
GrMeas:MoveText Graph1 M:4 6 28.0 47.0
Graph:DSel
GrMeas:Select Graph1 M:2 6
GrMeas:MoveText Graph1 M:2 6 29.0 47.0
Graph:DSel
GrMeas:Select Graph1 M:3 6
GrMeas:MoveText Graph1 M:3 6 7.0 45.0
Graph:DSel
Mdi:ArrangeIcons
Mdi:ArrangeIcons
.frame1.mdi.mdi2.work.graph1 save -file {C:/Users/Bangonkali/Desktop/EE 272/ENCODER_8_3/ENCODERB.png} -format png  -x 0 -y 0 -w 888 -h 1112 -colormode color
Graph:DSel
Graph itemselect Signal10 add
# Signal10
WfA2D:A2D Graph1 Signal10 { .9}
Mdi:ArrangeIcons
Graph:DSel
Graph itemselect Signal9 add
# Signal9
WfA2D:A2D Graph1 Signal9 { .9}
Mdi:ArrangeIcons
Graph:DSel
Graph itemselect Signal8 add
# Signal8
WfA2D:A2D Graph1 Signal8 { .9}
Mdi:ArrangeIcons
Graph:DSel
Graph itemselect Signal0 add
# Signal0
WfA2D:A2D Graph1 Signal0 { .9}
Mdi:ArrangeIcons
Graph:DSel
Graph itemselect Signal1 add
# Signal1
WfA2D:A2D Graph1 Signal1 { .9}
Mdi:ArrangeIcons
Graph:DSel
Graph itemselect Signal2 add
# Signal2
WfA2D:A2D Graph1 Signal2 { .9}
Mdi:ArrangeIcons
Graph:DSel
Graph itemselect Signal3 add
# Signal3
WfA2D:A2D Graph1 Signal3 { .9}
Mdi:ArrangeIcons
Graph:DSel
Graph itemselect Signal4 add
# Signal4
WfA2D:A2D Graph1 Signal4 { .9}
Mdi:ArrangeIcons
Graph:DSel
Graph itemselect Signal5 add
# Signal5
WfA2D:A2D Graph1 Signal5 { .9}
Mdi:ArrangeIcons
Graph:DSel
Graph itemselect Signal6 add
# Signal6
WfA2D:A2D Graph1 Signal6 { .9}
Mdi:ArrangeIcons
Graph:DSel
Graph itemselect Signal7 add
# Signal7
WfA2D:A2D Graph1 Signal7 { .9}
Mdi:ArrangeIcons
Graph itemselect Signal7 rem
Graph itemselect Signal7 add
# Signal7
Graph itemselect Signal6 add
# Signal6
Graph itemselect Signal7 rem
# Signal6
Graph itemselect Signal6 rem
Graph itemselect Signal7 add
# Signal7
Graph itemselect Signal6 add
# Signal6
Graph itemselect Signal5 add
# Signal5
Graph itemselect Signal7 rem
# Signal5
Graph itemselect Signal6 rem
# Signal5
Graph itemselect Signal5 rem
Graph itemselect Signal7 add
# Signal7
Graph itemselect Signal6 add
# Signal6
Graph itemselect Signal5 add
# Signal5
Graph itemselect Signal4 add
# Signal4
Graph itemselect AxisX(0) add
# AxisX(0)
Graph delsignal selected
Graph:DSel
Graph itemselect Signal0 add
# Signal0
Graph:DSel
Graph itemselect AxisX(0) add
# AxisX(0)
Graph:DSel
Graph itemselect Signal0 add
# Signal0
Graph delsignal selected
Graph:DSel
Graph itemselect Signal2 add
# Signal2
Graph delsignal selected
Graph:DSel
Graph itemselect Signal3 add
# Signal3
Graph delsignal selected
Graph:DSel
Graph itemselect Signal1 add
# Signal1
Graph delsignal selected
Mdi:ArrangeIcons
Mdi:ArrangeIcons
Mdi:ArrangeIcons
Mdi:ArrangeIcons
Mdi:ArrangeIcons
.frame1.mdi.mdi2.work.graph1 save -file {C:/Users/Bangonkali/Desktop/EE 272/ENCODER_8_3/ECODERC.png} -format png  -x 0 -y 0 -w 888 -h 701 -colormode color
Mdi:ArrangeIcons
Graph:DSel
Graph:DSel
Graph:DSel
Graph:DSel
Graph itemselect Signal21 add
# Signal21
Graph itemselect Signal21 rem
Graph itemselect Signal21 add
# Signal21
Graph itemselect Signal20 add
# Signal20
Graph itemselect Signal19 add
# Signal19
Graph itemselect Signal18 add
# Signal18
Graph itemselect Signal17 add
# Signal17
Graph itemselect Signal16 add
# Signal16
Graph itemselect Signal15 add
# Signal15
Graph itemselect Signal14 add
# Signal14
Graph itemselect Signal13 add
# Signal13
Graph itemselect Signal12 add
# Signal12
Graph itemselect Signal11 add
# Signal11
Graph delsignal selected
Mdi:ArrangeIcons
Mdi:ArrangeIcons
.frame1.mdi.mdi2.work.graph1 save -file {C:/Users/Bangonkali/Desktop/EE 272/ENCODER_8_3/CLOSEUP.png} -format png  -x 0 -y 0 -w 888 -h 642 -colormode color
Mdi:ArrangeIcons
Mdi:ArrangeIcons
Mdi:ArrangeIcons
wm geometry .sigmgr._PF:13 200x331+1135+497
wm geometry .sigmgr 367x200+1243+211
Mdi:ArrangeIcons
wm geometry . 900x765+0+87
Mdi:ArrangeIcons
Mdi:ArrangeIcons
